# JRE version: OpenJDK Runtime Environment Temurin-21.0.10+7 (21.0.10+7) (build 21.0.10+7-LTS)
# Java VM: OpenJDK 64-Bit Server VM Temurin-21.0.10+7 (21.0.10+7-LTS, mixed mode, sharing, tiered, compressed oops, compressed class ptrs, parallel gc, windows-amd64)
GC Precious Log:
 CardTable entry size: 512
 CPUs: 12 total, 12 available
 Memory: 16076M
 Large Page Support: Disabled
 NUMA Support: Disabled
 Compressed Oops: Enabled (32-bit)
 Alignments: Space 512K, Generation 512K, Heap 2M
 Heap Min Capacity: 100M
 Heap Initial Capacity: 100M
 Heap Max Capacity: 2G
 Pre-touch: Disabled
 Parallel Workers: 10
Heap:
 PSYoungGen      total 11264K, used 4325K [0x00000000d5580000, 0x00000000d6580000, 0x0000000100000000)
  eden space 10240K, 36% used [0x00000000d5580000,0x00000000d59245c8,0x00000000d5f80000)
  from space 1024K, 58% used [0x00000000d6480000,0x00000000d6515200,0x00000000d6580000)
  to   space 2560K, 0% used [0x00000000d6080000,0x00000000d6080000,0x00000000d6300000)
 ParOldGen       total 324096K, used 323978K [0x0000000080000000, 0x0000000093c80000, 0x00000000d5580000)
  object space 324096K, 99% used [0x0000000080000000,0x0000000093c62a50,0x0000000093c80000)
 Metaspace       used 69681K, committed 71360K, reserved 1114112K
  class space    used 7239K, committed 7936K, reserved 1048576K
GC Heap History (20 events):
Event: 48.486 GC heap after
{Heap after GC invocations=447 (full 3):
 PSYoungGen      total 6144K, used 608K [0x00000000d5580000, 0x00000000d5c80000, 0x0000000100000000)
  eden space 5120K, 0% used [0x00000000d5580000,0x00000000d5580000,0x00000000d5a80000)
  from space 1024K, 59% used [0x00000000d5b80000,0x00000000d5c18000,0x00000000d5c80000)
  to   space 1024K, 0% used [0x00000000d5a80000,0x00000000d5a80000,0x00000000d5b80000)
 ParOldGen       total 313344K, used 313141K [0x0000000080000000, 0x0000000093200000, 0x00000000d5580000)
  object space 313344K, 99% used [0x0000000080000000,0x00000000931cd6e0,0x0000000093200000)
 Metaspace       used 69512K, committed 71168K, reserved 1114112K
  class space    used 7238K, committed 7936K, reserved 1048576K
}
Event: 48.496 GC heap before
{Heap before GC invocations=448 (full 3):
 PSYoungGen      total 6144K, used 5728K [0x00000000d5580000, 0x00000000d5c80000, 0x0000000100000000)
  eden space 5120K, 100% used [0x00000000d5580000,0x00000000d5a80000,0x00000000d5a80000)
  from space 1024K, 59% used [0x00000000d5b80000,0x00000000d5c18000,0x00000000d5c80000)
  to   space 1024K, 0% used [0x00000000d5a80000,0x00000000d5a80000,0x00000000d5b80000)
 ParOldGen       total 313344K, used 313141K [0x0000000080000000, 0x0000000093200000, 0x00000000d5580000)
  object space 313344K, 99% used [0x0000000080000000,0x00000000931cd6e0,0x0000000093200000)
 Metaspace       used 69525K, committed 71168K, reserved 1114112K
  class space    used 7238K, committed 7936K, reserved 1048576K
}
Event: 48.497 GC heap after
{Heap after GC invocations=448 (full 3):
 PSYoungGen      total 6144K, used 864K [0x00000000d5580000, 0x00000000d5d80000, 0x0000000100000000)
  eden space 5120K, 0% used [0x00000000d5580000,0x00000000d5580000,0x00000000d5a80000)
  from space 1024K, 84% used [0x00000000d5a80000,0x00000000d5b58020,0x00000000d5b80000)
  to   space 1024K, 0% used [0x00000000d5c80000,0x00000000d5c80000,0x00000000d5d80000)
 ParOldGen       total 313856K, used 313589K [0x0000000080000000, 0x0000000093280000, 0x00000000d5580000)
  object space 313856K, 99% used [0x0000000080000000,0x000000009323d6e0,0x0000000093280000)
 Metaspace       used 69525K, committed 71168K, reserved 1114112K
  class space    used 7238K, committed 7936K, reserved 1048576K
}
Event: 48.562 GC heap before
{Heap before GC invocations=449 (full 3):
 PSYoungGen      total 6144K, used 5984K [0x00000000d5580000, 0x00000000d5d80000, 0x0000000100000000)
  eden space 5120K, 100% used [0x00000000d5580000,0x00000000d5a80000,0x00000000d5a80000)
  from space 1024K, 84% used [0x00000000d5a80000,0x00000000d5b58020,0x00000000d5b80000)
  to   space 1024K, 0% used [0x00000000d5c80000,0x00000000d5c80000,0x00000000d5d80000)
 ParOldGen       total 313856K, used 313589K [0x0000000080000000, 0x0000000093280000, 0x00000000d5580000)
  object space 313856K, 99% used [0x0000000080000000,0x000000009323d6e0,0x0000000093280000)
 Metaspace       used 69553K, committed 71232K, reserved 1114112K
  class space    used 7238K, committed 7936K, reserved 1048576K
}
Event: 48.565 GC heap after
{Heap after GC invocations=449 (full 3):
 PSYoungGen      total 6144K, used 974K [0x00000000d5580000, 0x00000000d5d80000, 0x0000000100000000)
  eden space 5120K, 0% used [0x00000000d5580000,0x00000000d5580000,0x00000000d5a80000)
  from space 1024K, 95% used [0x00000000d5c80000,0x00000000d5d73b00,0x00000000d5d80000)
  to   space 1024K, 0% used [0x00000000d5a80000,0x00000000d5a80000,0x00000000d5b80000)
 ParOldGen       total 314368K, used 314331K [0x0000000080000000, 0x0000000093300000, 0x00000000d5580000)
  object space 314368K, 99% used [0x0000000080000000,0x00000000932f6c50,0x0000000093300000)
 Metaspace       used 69553K, committed 71232K, reserved 1114112K
  class space    used 7238K, committed 7936K, reserved 1048576K
}
Event: 48.575 GC heap before
{Heap before GC invocations=450 (full 3):
 PSYoungGen      total 6144K, used 6094K [0x00000000d5580000, 0x00000000d5d80000, 0x0000000100000000)
  eden space 5120K, 100% used [0x00000000d5580000,0x00000000d5a80000,0x00000000d5a80000)
  from space 1024K, 95% used [0x00000000d5c80000,0x00000000d5d73b00,0x00000000d5d80000)
  to   space 1024K, 0% used [0x00000000d5a80000,0x00000000d5a80000,0x00000000d5b80000)
 ParOldGen       total 314368K, used 314331K [0x0000000080000000, 0x0000000093300000, 0x00000000d5580000)
  object space 314368K, 99% used [0x0000000080000000,0x00000000932f6c50,0x0000000093300000)
 Metaspace       used 69554K, committed 71232K, reserved 1114112K
  class space    used 7238K, committed 7936K, reserved 1048576K
}
Event: 48.578 GC heap after
{Heap after GC invocations=450 (full 3):
 PSYoungGen      total 6144K, used 752K [0x00000000d5580000, 0x00000000d5d00000, 0x0000000100000000)
  eden space 5120K, 0% used [0x00000000d5580000,0x00000000d5580000,0x00000000d5a80000)
  from space 1024K, 73% used [0x00000000d5a80000,0x00000000d5b3c030,0x00000000d5b80000)
  to   space 1024K, 0% used [0x00000000d5c00000,0x00000000d5c00000,0x00000000d5d00000)
 ParOldGen       total 315392K, used 315146K [0x0000000080000000, 0x0000000093400000, 0x00000000d5580000)
  object space 315392K, 99% used [0x0000000080000000,0x00000000933c28f0,0x0000000093400000)
 Metaspace       used 69554K, committed 71232K, reserved 1114112K
  class space    used 7238K, committed 7936K, reserved 1048576K
}
Event: 48.590 GC heap before
{Heap before GC invocations=451 (full 3):
 PSYoungGen      total 6144K, used 5872K [0x00000000d5580000, 0x00000000d5d00000, 0x0000000100000000)
  eden space 5120K, 100% used [0x00000000d5580000,0x00000000d5a80000,0x00000000d5a80000)
  from space 1024K, 73% used [0x00000000d5a80000,0x00000000d5b3c030,0x00000000d5b80000)
  to   space 1024K, 0% used [0x00000000d5c00000,0x00000000d5c00000,0x00000000d5d00000)
 ParOldGen       total 315392K, used 315146K [0x0000000080000000, 0x0000000093400000, 0x00000000d5580000)
  object space 315392K, 99% used [0x0000000080000000,0x00000000933c28f0,0x0000000093400000)
 Metaspace       used 69554K, committed 71232K, reserved 1114112K
  class space    used 7238K, committed 7936K, reserved 1048576K
}
Event: 49.605 GC heap after
{Heap after GC invocations=451 (full 3):
 PSYoungGen      total 6656K, used 868K [0x00000000d5580000, 0x00000000d5d80000, 0x0000000100000000)
  eden space 5632K, 0% used [0x00000000d5580000,0x00000000d5580000,0x00000000d5b00000)
  from space 1024K, 84% used [0x00000000d5c00000,0x00000000d5cd9210,0x00000000d5d00000)
  to   space 1024K, 0% used [0x00000000d5b00000,0x00000000d5b00000,0x00000000d5c00000)
 ParOldGen       total 315904K, used 315746K [0x0000000080000000, 0x0000000093480000, 0x00000000d5580000)
  object space 315904K, 99% used [0x0000000080000000,0x0000000093458920,0x0000000093480000)
 Metaspace       used 69554K, committed 71232K, reserved 1114112K
  class space    used 7238K, committed 7936K, reserved 1048576K
}
Event: 49.616 GC heap before
{Heap before GC invocations=452 (full 3):
 PSYoungGen      total 6656K, used 6500K [0x00000000d5580000, 0x00000000d5d80000, 0x0000000100000000)
  eden space 5632K, 100% used [0x00000000d5580000,0x00000000d5b00000,0x00000000d5b00000)
  from space 1024K, 84% used [0x00000000d5c00000,0x00000000d5cd9210,0x00000000d5d00000)
  to   space 1024K, 0% used [0x00000000d5b00000,0x00000000d5b00000,0x00000000d5c00000)
 ParOldGen       total 315904K, used 315746K [0x0000000080000000, 0x0000000093480000, 0x00000000d5580000)
  object space 315904K, 99% used [0x0000000080000000,0x0000000093458920,0x0000000093480000)
 Metaspace       used 69604K, committed 71296K, reserved 1114112K
  class space    used 7238K, committed 7936K, reserved 1048576K
}
Event: 49.617 GC heap after
{Heap after GC invocations=452 (full 3):
 PSYoungGen      total 6656K, used 676K [0x00000000d5580000, 0x00000000d5e80000, 0x0000000100000000)
  eden space 5632K, 0% used [0x00000000d5580000,0x00000000d5580000,0x00000000d5b00000)
  from space 1024K, 66% used [0x00000000d5b00000,0x00000000d5ba9230,0x00000000d5c00000)
  to   space 1024K, 0% used [0x00000000d5d80000,0x00000000d5d80000,0x00000000d5e80000)
 ParOldGen       total 316928K, used 316491K [0x0000000080000000, 0x0000000093580000, 0x00000000d5580000)
  object space 316928K, 99% used [0x0000000080000000,0x0000000093512ea0,0x0000000093580000)
 Metaspace       used 69604K, committed 71296K, reserved 1114112K
  class space    used 7238K, committed 7936K, reserved 1048576K
}
Event: 49.626 GC heap before
{Heap before GC invocations=453 (full 3):
 PSYoungGen      total 6656K, used 6308K [0x00000000d5580000, 0x00000000d5e80000, 0x0000000100000000)
  eden space 5632K, 100% used [0x00000000d5580000,0x00000000d5b00000,0x00000000d5b00000)
  from space 1024K, 66% used [0x00000000d5b00000,0x00000000d5ba9230,0x00000000d5c00000)
  to   space 1024K, 0% used [0x00000000d5d80000,0x00000000d5d80000,0x00000000d5e80000)
 ParOldGen       total 316928K, used 316491K [0x0000000080000000, 0x0000000093580000, 0x00000000d5580000)
  object space 316928K, 99% used [0x0000000080000000,0x0000000093512ea0,0x0000000093580000)
 Metaspace       used 69645K, committed 71296K, reserved 1114112K
  class space    used 7238K, committed 7936K, reserved 1048576K
}
Event: 49.628 GC heap after
{Heap after GC invocations=453 (full 3):
 PSYoungGen      total 7168K, used 1022K [0x00000000d5580000, 0x00000000d6080000, 0x0000000100000000)
  eden space 6144K, 0% used [0x00000000d5580000,0x00000000d5580000,0x00000000d5b80000)
  from space 1024K, 99% used [0x00000000d5d80000,0x00000000d5e7fb10,0x00000000d5e80000)
  to   space 2048K, 0% used [0x00000000d5b80000,0x00000000d5b80000,0x00000000d5d80000)
 ParOldGen       total 317440K, used 317004K [0x0000000080000000, 0x0000000093600000, 0x00000000d5580000)
  object space 317440K, 99% used [0x0000000080000000,0x0000000093593370,0x0000000093600000)
 Metaspace       used 69645K, committed 71296K, reserved 1114112K
  class space    used 7238K, committed 7936K, reserved 1048576K
}
Event: 49.636 GC heap before
{Heap before GC invocations=454 (full 3):
 PSYoungGen      total 7168K, used 7166K [0x00000000d5580000, 0x00000000d6080000, 0x0000000100000000)
  eden space 6144K, 100% used [0x00000000d5580000,0x00000000d5b80000,0x00000000d5b80000)
  from space 1024K, 99% used [0x00000000d5d80000,0x00000000d5e7fb10,0x00000000d5e80000)
  to   space 2048K, 0% used [0x00000000d5b80000,0x00000000d5b80000,0x00000000d5d80000)
 ParOldGen       total 317440K, used 317004K [0x0000000080000000, 0x0000000093600000, 0x00000000d5580000)
  object space 317440K, 99% used [0x0000000080000000,0x0000000093593370,0x0000000093600000)
 Metaspace       used 69657K, committed 71296K, reserved 1114112K
  class space    used 7238K, committed 7936K, reserved 1048576K
}
Event: 49.638 GC heap after
{Heap after GC invocations=454 (full 3):
 PSYoungGen      total 8192K, used 1136K [0x00000000d5580000, 0x00000000d6000000, 0x0000000100000000)
  eden space 6144K, 0% used [0x00000000d5580000,0x00000000d5580000,0x00000000d5b80000)
  from space 2048K, 55% used [0x00000000d5b80000,0x00000000d5c9c010,0x00000000d5d80000)
  to   space 1536K, 0% used [0x00000000d5e80000,0x00000000d5e80000,0x00000000d6000000)
 ParOldGen       total 317952K, used 317945K [0x0000000080000000, 0x0000000093680000, 0x00000000d5580000)
  object space 317952K, 99% used [0x0000000080000000,0x000000009367e790,0x0000000093680000)
 Metaspace       used 69657K, committed 71296K, reserved 1114112K
  class space    used 7238K, committed 7936K, reserved 1048576K
}
Event: 49.654 GC heap before
{Heap before GC invocations=455 (full 3):
 PSYoungGen      total 8192K, used 7280K [0x00000000d5580000, 0x00000000d6000000, 0x0000000100000000)
  eden space 6144K, 100% used [0x00000000d5580000,0x00000000d5b80000,0x00000000d5b80000)
  from space 2048K, 55% used [0x00000000d5b80000,0x00000000d5c9c010,0x00000000d5d80000)
  to   space 1536K, 0% used [0x00000000d5e80000,0x00000000d5e80000,0x00000000d6000000)
 ParOldGen       total 317952K, used 317945K [0x0000000080000000, 0x0000000093680000, 0x00000000d5580000)
  object space 317952K, 99% used [0x0000000080000000,0x000000009367e790,0x0000000093680000)
 Metaspace       used 69661K, committed 71296K, reserved 1114112K
  class space    used 7238K, committed 7936K, reserved 1048576K
}
Event: 49.657 GC heap after
{Heap after GC invocations=455 (full 3):
 PSYoungGen      total 8704K, used 656K [0x00000000d5580000, 0x00000000d5f80000, 0x0000000100000000)
  eden space 7680K, 0% used [0x00000000d5580000,0x00000000d5580000,0x00000000d5d00000)
  from space 1024K, 64% used [0x00000000d5e80000,0x00000000d5f24010,0x00000000d5f80000)
  to   space 1024K, 0% used [0x00000000d5d80000,0x00000000d5d80000,0x00000000d5e80000)
 ParOldGen       total 318976K, used 318935K [0x0000000080000000, 0x0000000093780000, 0x00000000d5580000)
  object space 318976K, 99% used [0x0000000080000000,0x0000000093775e90,0x0000000093780000)
 Metaspace       used 69661K, committed 71296K, reserved 1114112K
  class space    used 7238K, committed 7936K, reserved 1048576K
}
Event: 49.687 GC heap before
{Heap before GC invocations=456 (full 3):
 PSYoungGen      total 8704K, used 8336K [0x00000000d5580000, 0x00000000d5f80000, 0x0000000100000000)
  eden space 7680K, 100% used [0x00000000d5580000,0x00000000d5d00000,0x00000000d5d00000)
  from space 1024K, 64% used [0x00000000d5e80000,0x00000000d5f24010,0x00000000d5f80000)
  to   space 1024K, 0% used [0x00000000d5d80000,0x00000000d5d80000,0x00000000d5e80000)
 ParOldGen       total 318976K, used 318935K [0x0000000080000000, 0x0000000093780000, 0x00000000d5580000)
  object space 318976K, 99% used [0x0000000080000000,0x0000000093775e90,0x0000000093780000)
 Metaspace       used 69672K, committed 71360K, reserved 1114112K
  class space    used 7238K, committed 7936K, reserved 1048576K
}
Event: 49.693 GC heap after
{Heap after GC invocations=456 (full 3):
 PSYoungGen      total 9216K, used 1024K [0x00000000d5580000, 0x00000000d6a80000, 0x0000000100000000)
  eden space 8192K, 0% used [0x00000000d5580000,0x00000000d5580000,0x00000000d5d80000)
  from space 1024K, 100% used [0x00000000d5d80000,0x00000000d5e80000,0x00000000d5e80000)
  to   space 6144K, 0% used [0x00000000d6480000,0x00000000d6480000,0x00000000d6a80000)
 ParOldGen       total 323072K, used 323069K [0x0000000080000000, 0x0000000093b80000, 0x00000000d5580000)
  object space 323072K, 99% used [0x0000000080000000,0x0000000093b7f520,0x0000000093b80000)
 Metaspace       used 69672K, committed 71360K, reserved 1114112K
  class space    used 7238K, committed 7936K, reserved 1048576K
}
Event: 49.743 GC heap before
{Heap before GC invocations=457 (full 3):
 PSYoungGen      total 9216K, used 9216K [0x00000000d5580000, 0x00000000d6a80000, 0x0000000100000000)
  eden space 8192K, 100% used [0x00000000d5580000,0x00000000d5d80000,0x00000000d5d80000)
  from space 1024K, 100% used [0x00000000d5d80000,0x00000000d5e80000,0x00000000d5e80000)
  to   space 6144K, 0% used [0x00000000d6480000,0x00000000d6480000,0x00000000d6a80000)
 ParOldGen       total 323072K, used 323069K [0x0000000080000000, 0x0000000093b80000, 0x00000000d5580000)
  object space 323072K, 99% used [0x0000000080000000,0x0000000093b7f520,0x0000000093b80000)
 Metaspace       used 69675K, committed 71360K, reserved 1114112K
  class space    used 7238K, committed 7936K, reserved 1048576K
}

