# JRE version: OpenJDK Runtime Environment Temurin-21.0.10+7 (21.0.10+7) (build 21.0.10+7-LTS)
# Java VM: OpenJDK 64-Bit Server VM Temurin-21.0.10+7 (21.0.10+7-LTS, mixed mode, sharing, tiered, compressed oops, compressed class ptrs, parallel gc, windows-amd64)
GC Precious Log:
 CardTable entry size: 512
 CPUs: 12 total, 12 available
 Memory: 16076M
 Large Page Support: Disabled
 NUMA Support: Disabled
 Compressed Oops: Enabled (32-bit)
 Alignments: Space 512K, Generation 512K, Heap 2M
 Heap Min Capacity: 100M
 Heap Initial Capacity: 100M
 Heap Max Capacity: 2G
 Pre-touch: Disabled
 Parallel Workers: 10
Heap:
 PSYoungGen      total 20480K, used 19893K [0x00000000d5580000, 0x00000000d6f00000, 0x0000000100000000)
  eden space 18944K, 97% used [0x00000000d5580000,0x00000000d678c928,0x00000000d6800000)
  from space 1536K, 91% used [0x00000000d6d80000,0x00000000d6ee0e10,0x00000000d6f00000)
  to   space 3072K, 0% used [0x00000000d6900000,0x00000000d6900000,0x00000000d6c00000)
 ParOldGen       total 68608K, used 55164K [0x0000000080000000, 0x0000000084300000, 0x00000000d5580000)
  object space 68608K, 80% used [0x0000000080000000,0x00000000835df350,0x0000000084300000)
 Metaspace       used 55602K, committed 57088K, reserved 1114112K
  class space    used 6011K, committed 6656K, reserved 1048576K
GC Heap History (20 events):
Event: 17.721 GC heap after
{Heap after GC invocations=24 (full 2):
 PSYoungGen      total 20480K, used 1504K [0x00000000d5580000, 0x00000000d7000000, 0x0000000100000000)
  eden space 18944K, 0% used [0x00000000d5580000,0x00000000d5580000,0x00000000d6800000)
  from space 1536K, 97% used [0x00000000d6c80000,0x00000000d6df8010,0x00000000d6e00000)
  to   space 4096K, 0% used [0x00000000d6800000,0x00000000d6800000,0x00000000d6c00000)
 ParOldGen       total 68608K, used 38589K [0x0000000080000000, 0x0000000084300000, 0x00000000d5580000)
  object space 68608K, 56% used [0x0000000080000000,0x00000000825af660,0x0000000084300000)
 Metaspace       used 48531K, committed 49856K, reserved 1114112K
  class space    used 5270K, committed 5824K, reserved 1048576K
}
Event: 18.099 GC heap before
{Heap before GC invocations=25 (full 2):
 PSYoungGen      total 20480K, used 20448K [0x00000000d5580000, 0x00000000d7000000, 0x0000000100000000)
  eden space 18944K, 100% used [0x00000000d5580000,0x00000000d6800000,0x00000000d6800000)
  from space 1536K, 97% used [0x00000000d6c80000,0x00000000d6df8010,0x00000000d6e00000)
  to   space 4096K, 0% used [0x00000000d6800000,0x00000000d6800000,0x00000000d6c00000)
 ParOldGen       total 68608K, used 38589K [0x0000000080000000, 0x0000000084300000, 0x00000000d5580000)
  object space 68608K, 56% used [0x0000000080000000,0x00000000825af660,0x0000000084300000)
 Metaspace       used 48874K, committed 50176K, reserved 1114112K
  class space    used 5321K, committed 5888K, reserved 1048576K
}
Event: 18.104 GC heap after
{Heap after GC invocations=25 (full 2):
 PSYoungGen      total 21504K, used 2210K [0x00000000d5580000, 0x00000000d6e00000, 0x0000000100000000)
  eden space 18944K, 0% used [0x00000000d5580000,0x00000000d5580000,0x00000000d6800000)
  from space 2560K, 86% used [0x00000000d6800000,0x00000000d6a28820,0x00000000d6a80000)
  to   space 3072K, 0% used [0x00000000d6b00000,0x00000000d6b00000,0x00000000d6e00000)
 ParOldGen       total 68608K, used 40069K [0x0000000080000000, 0x0000000084300000, 0x00000000d5580000)
  object space 68608K, 58% used [0x0000000080000000,0x0000000082721660,0x0000000084300000)
 Metaspace       used 48874K, committed 50176K, reserved 1114112K
  class space    used 5321K, committed 5888K, reserved 1048576K
}
Event: 18.255 GC heap before
{Heap before GC invocations=26 (full 2):
 PSYoungGen      total 21504K, used 21154K [0x00000000d5580000, 0x00000000d6e00000, 0x0000000100000000)
  eden space 18944K, 100% used [0x00000000d5580000,0x00000000d6800000,0x00000000d6800000)
  from space 2560K, 86% used [0x00000000d6800000,0x00000000d6a28820,0x00000000d6a80000)
  to   space 3072K, 0% used [0x00000000d6b00000,0x00000000d6b00000,0x00000000d6e00000)
 ParOldGen       total 68608K, used 40069K [0x0000000080000000, 0x0000000084300000, 0x00000000d5580000)
  object space 68608K, 58% used [0x0000000080000000,0x0000000082721660,0x0000000084300000)
 Metaspace       used 48897K, committed 50240K, reserved 1114112K
  class space    used 5321K, committed 5888K, reserved 1048576K
}
Event: 18.261 GC heap after
{Heap after GC invocations=26 (full 2):
 PSYoungGen      total 20992K, used 1952K [0x00000000d5580000, 0x00000000d6d00000, 0x0000000100000000)
  eden space 18944K, 0% used [0x00000000d5580000,0x00000000d5580000,0x00000000d6800000)
  from space 2048K, 95% used [0x00000000d6b00000,0x00000000d6ce8000,0x00000000d6d00000)
  to   space 2560K, 0% used [0x00000000d6800000,0x00000000d6800000,0x00000000d6a80000)
 ParOldGen       total 68608K, used 42107K [0x0000000080000000, 0x0000000084300000, 0x00000000d5580000)
  object space 68608K, 61% used [0x0000000080000000,0x000000008291efb0,0x0000000084300000)
 Metaspace       used 48897K, committed 50240K, reserved 1114112K
  class space    used 5321K, committed 5888K, reserved 1048576K
}
Event: 18.424 GC heap before
{Heap before GC invocations=27 (full 2):
 PSYoungGen      total 20992K, used 20896K [0x00000000d5580000, 0x00000000d6d00000, 0x0000000100000000)
  eden space 18944K, 100% used [0x00000000d5580000,0x00000000d6800000,0x00000000d6800000)
  from space 2048K, 95% used [0x00000000d6b00000,0x00000000d6ce8000,0x00000000d6d00000)
  to   space 2560K, 0% used [0x00000000d6800000,0x00000000d6800000,0x00000000d6a80000)
 ParOldGen       total 68608K, used 42107K [0x0000000080000000, 0x0000000084300000, 0x00000000d5580000)
  object space 68608K, 61% used [0x0000000080000000,0x000000008291efb0,0x0000000084300000)
 Metaspace       used 48900K, committed 50240K, reserved 1114112K
  class space    used 5321K, committed 5888K, reserved 1048576K
}
Event: 18.433 GC heap after
{Heap after GC invocations=27 (full 2):
 PSYoungGen      total 20992K, used 1924K [0x00000000d5580000, 0x00000000d6c00000, 0x0000000100000000)
  eden space 18944K, 0% used [0x00000000d5580000,0x00000000d5580000,0x00000000d6800000)
  from space 2048K, 93% used [0x00000000d6800000,0x00000000d69e1000,0x00000000d6a00000)
  to   space 2048K, 0% used [0x00000000d6a00000,0x00000000d6a00000,0x00000000d6c00000)
 ParOldGen       total 68608K, used 43878K [0x0000000080000000, 0x0000000084300000, 0x00000000d5580000)
  object space 68608K, 63% used [0x0000000080000000,0x0000000082ad9a60,0x0000000084300000)
 Metaspace       used 48900K, committed 50240K, reserved 1114112K
  class space    used 5321K, committed 5888K, reserved 1048576K
}
Event: 18.624 GC heap before
{Heap before GC invocations=28 (full 2):
 PSYoungGen      total 20992K, used 20868K [0x00000000d5580000, 0x00000000d6c00000, 0x0000000100000000)
  eden space 18944K, 100% used [0x00000000d5580000,0x00000000d6800000,0x00000000d6800000)
  from space 2048K, 93% used [0x00000000d6800000,0x00000000d69e1000,0x00000000d6a00000)
  to   space 2048K, 0% used [0x00000000d6a00000,0x00000000d6a00000,0x00000000d6c00000)
 ParOldGen       total 68608K, used 43878K [0x0000000080000000, 0x0000000084300000, 0x00000000d5580000)
  object space 68608K, 63% used [0x0000000080000000,0x0000000082ad9a60,0x0000000084300000)
 Metaspace       used 48931K, committed 50240K, reserved 1114112K
  class space    used 5324K, committed 5888K, reserved 1048576K
}
Event: 18.629 GC heap after
{Heap after GC invocations=28 (full 2):
 PSYoungGen      total 20992K, used 2016K [0x00000000d5580000, 0x00000000d6c00000, 0x0000000100000000)
  eden space 18944K, 0% used [0x00000000d5580000,0x00000000d5580000,0x00000000d6800000)
  from space 2048K, 98% used [0x00000000d6a00000,0x00000000d6bf8010,0x00000000d6c00000)
  to   space 2048K, 0% used [0x00000000d6800000,0x00000000d6800000,0x00000000d6a00000)
 ParOldGen       total 68608K, used 45647K [0x0000000080000000, 0x0000000084300000, 0x00000000d5580000)
  object space 68608K, 66% used [0x0000000080000000,0x0000000082c93fd8,0x0000000084300000)
 Metaspace       used 48931K, committed 50240K, reserved 1114112K
  class space    used 5324K, committed 5888K, reserved 1048576K
}
Event: 18.867 GC heap before
{Heap before GC invocations=29 (full 2):
 PSYoungGen      total 20992K, used 20960K [0x00000000d5580000, 0x00000000d6c00000, 0x0000000100000000)
  eden space 18944K, 100% used [0x00000000d5580000,0x00000000d6800000,0x00000000d6800000)
  from space 2048K, 98% used [0x00000000d6a00000,0x00000000d6bf8010,0x00000000d6c00000)
  to   space 2048K, 0% used [0x00000000d6800000,0x00000000d6800000,0x00000000d6a00000)
 ParOldGen       total 68608K, used 45647K [0x0000000080000000, 0x0000000084300000, 0x00000000d5580000)
  object space 68608K, 66% used [0x0000000080000000,0x0000000082c93fd8,0x0000000084300000)
 Metaspace       used 48950K, committed 50304K, reserved 1114112K
  class space    used 5324K, committed 5888K, reserved 1048576K
}
Event: 18.872 GC heap after
{Heap after GC invocations=29 (full 2):
 PSYoungGen      total 20992K, used 1728K [0x00000000d5580000, 0x00000000d6c00000, 0x0000000100000000)
  eden space 18944K, 0% used [0x00000000d5580000,0x00000000d5580000,0x00000000d6800000)
  from space 2048K, 84% used [0x00000000d6800000,0x00000000d69b0000,0x00000000d6a00000)
  to   space 2048K, 0% used [0x00000000d6a00000,0x00000000d6a00000,0x00000000d6c00000)
 ParOldGen       total 68608K, used 47495K [0x0000000080000000, 0x0000000084300000, 0x00000000d5580000)
  object space 68608K, 69% used [0x0000000080000000,0x0000000082e61fe8,0x0000000084300000)
 Metaspace       used 48950K, committed 50304K, reserved 1114112K
  class space    used 5324K, committed 5888K, reserved 1048576K
}
Event: 19.199 GC heap before
{Heap before GC invocations=30 (full 2):
 PSYoungGen      total 20992K, used 20672K [0x00000000d5580000, 0x00000000d6c00000, 0x0000000100000000)
  eden space 18944K, 100% used [0x00000000d5580000,0x00000000d6800000,0x00000000d6800000)
  from space 2048K, 84% used [0x00000000d6800000,0x00000000d69b0000,0x00000000d6a00000)
  to   space 2048K, 0% used [0x00000000d6a00000,0x00000000d6a00000,0x00000000d6c00000)
 ParOldGen       total 68608K, used 47495K [0x0000000080000000, 0x0000000084300000, 0x00000000d5580000)
  object space 68608K, 69% used [0x0000000080000000,0x0000000082e61fe8,0x0000000084300000)
 Metaspace       used 49602K, committed 50944K, reserved 1114112K
  class space    used 5406K, committed 5952K, reserved 1048576K
}
Event: 19.204 GC heap after
{Heap after GC invocations=30 (full 2):
 PSYoungGen      total 20992K, used 1504K [0x00000000d5580000, 0x00000000d6c00000, 0x0000000100000000)
  eden space 18944K, 0% used [0x00000000d5580000,0x00000000d5580000,0x00000000d6800000)
  from space 2048K, 73% used [0x00000000d6a00000,0x00000000d6b78000,0x00000000d6c00000)
  to   space 2048K, 0% used [0x00000000d6800000,0x00000000d6800000,0x00000000d6a00000)
 ParOldGen       total 68608K, used 49112K [0x0000000080000000, 0x0000000084300000, 0x00000000d5580000)
  object space 68608K, 71% used [0x0000000080000000,0x0000000082ff61e8,0x0000000084300000)
 Metaspace       used 49602K, committed 50944K, reserved 1114112K
  class space    used 5406K, committed 5952K, reserved 1048576K
}
Event: 20.049 GC heap before
{Heap before GC invocations=31 (full 2):
 PSYoungGen      total 20992K, used 20448K [0x00000000d5580000, 0x00000000d6c00000, 0x0000000100000000)
  eden space 18944K, 100% used [0x00000000d5580000,0x00000000d6800000,0x00000000d6800000)
  from space 2048K, 73% used [0x00000000d6a00000,0x00000000d6b78000,0x00000000d6c00000)
  to   space 2048K, 0% used [0x00000000d6800000,0x00000000d6800000,0x00000000d6a00000)
 ParOldGen       total 68608K, used 49112K [0x0000000080000000, 0x0000000084300000, 0x00000000d5580000)
  object space 68608K, 71% used [0x0000000080000000,0x0000000082ff61e8,0x0000000084300000)
 Metaspace       used 51117K, committed 52480K, reserved 1114112K
  class space    used 5623K, committed 6208K, reserved 1048576K
}
Event: 20.052 GC heap after
{Heap after GC invocations=31 (full 2):
 PSYoungGen      total 19968K, used 632K [0x00000000d5580000, 0x00000000d6a80000, 0x0000000100000000)
  eden space 18944K, 0% used [0x00000000d5580000,0x00000000d5580000,0x00000000d6800000)
  from space 1024K, 61% used [0x00000000d6800000,0x00000000d689e2e8,0x00000000d6900000)
  to   space 1024K, 0% used [0x00000000d6980000,0x00000000d6980000,0x00000000d6a80000)
 ParOldGen       total 68608K, used 50400K [0x0000000080000000, 0x0000000084300000, 0x00000000d5580000)
  object space 68608K, 73% used [0x0000000080000000,0x0000000083138220,0x0000000084300000)
 Metaspace       used 51117K, committed 52480K, reserved 1114112K
  class space    used 5623K, committed 6208K, reserved 1048576K
}
Event: 20.995 GC heap before
{Heap before GC invocations=32 (full 2):
 PSYoungGen      total 19968K, used 19576K [0x00000000d5580000, 0x00000000d6a80000, 0x0000000100000000)
  eden space 18944K, 100% used [0x00000000d5580000,0x00000000d6800000,0x00000000d6800000)
  from space 1024K, 61% used [0x00000000d6800000,0x00000000d689e2e8,0x00000000d6900000)
  to   space 1024K, 0% used [0x00000000d6980000,0x00000000d6980000,0x00000000d6a80000)
 ParOldGen       total 68608K, used 50400K [0x0000000080000000, 0x0000000084300000, 0x00000000d5580000)
  object space 68608K, 73% used [0x0000000080000000,0x0000000083138220,0x0000000084300000)
 Metaspace       used 52346K, committed 53696K, reserved 1114112K
  class space    used 5732K, committed 6272K, reserved 1048576K
}
Event: 20.998 GC heap after
{Heap after GC invocations=32 (full 2):
 PSYoungGen      total 19456K, used 512K [0x00000000d5580000, 0x00000000d6a00000, 0x0000000100000000)
  eden space 18944K, 0% used [0x00000000d5580000,0x00000000d5580000,0x00000000d6800000)
  from space 512K, 100% used [0x00000000d6980000,0x00000000d6a00000,0x00000000d6a00000)
  to   space 1024K, 0% used [0x00000000d6800000,0x00000000d6800000,0x00000000d6900000)
 ParOldGen       total 68608K, used 50875K [0x0000000080000000, 0x0000000084300000, 0x00000000d5580000)
  object space 68608K, 74% used [0x0000000080000000,0x00000000831aedd0,0x0000000084300000)
 Metaspace       used 52346K, committed 53696K, reserved 1114112K
  class space    used 5732K, committed 6272K, reserved 1048576K
}
Event: 22.738 GC heap before
{Heap before GC invocations=33 (full 2):
 PSYoungGen      total 19456K, used 19456K [0x00000000d5580000, 0x00000000d6a00000, 0x0000000100000000)
  eden space 18944K, 100% used [0x00000000d5580000,0x00000000d6800000,0x00000000d6800000)
  from space 512K, 100% used [0x00000000d6980000,0x00000000d6a00000,0x00000000d6a00000)
  to   space 1024K, 0% used [0x00000000d6800000,0x00000000d6800000,0x00000000d6900000)
 ParOldGen       total 68608K, used 50875K [0x0000000080000000, 0x0000000084300000, 0x00000000d5580000)
  object space 68608K, 74% used [0x0000000080000000,0x00000000831aedd0,0x0000000084300000)
 Metaspace       used 54706K, committed 56128K, reserved 1114112K
  class space    used 5922K, committed 6528K, reserved 1048576K
}
Event: 22.743 GC heap after
{Heap after GC invocations=33 (full 2):
 PSYoungGen      total 19968K, used 1021K [0x00000000d5580000, 0x00000000d7300000, 0x0000000100000000)
  eden space 18944K, 0% used [0x00000000d5580000,0x00000000d5580000,0x00000000d6800000)
  from space 1024K, 99% used [0x00000000d6800000,0x00000000d68ff418,0x00000000d6900000)
  to   space 5632K, 0% used [0x00000000d6d80000,0x00000000d6d80000,0x00000000d7300000)
 ParOldGen       total 68608K, used 54487K [0x0000000080000000, 0x0000000084300000, 0x00000000d5580000)
  object space 68608K, 79% used [0x0000000080000000,0x0000000083535d28,0x0000000084300000)
 Metaspace       used 54706K, committed 56128K, reserved 1114112K
  class space    used 5922K, committed 6528K, reserved 1048576K
}
Event: 23.969 GC heap before
{Heap before GC invocations=34 (full 2):
 PSYoungGen      total 19968K, used 19965K [0x00000000d5580000, 0x00000000d7300000, 0x0000000100000000)
  eden space 18944K, 100% used [0x00000000d5580000,0x00000000d6800000,0x00000000d6800000)
  from space 1024K, 99% used [0x00000000d6800000,0x00000000d68ff418,0x00000000d6900000)
  to   space 5632K, 0% used [0x00000000d6d80000,0x00000000d6d80000,0x00000000d7300000)
 ParOldGen       total 68608K, used 54487K [0x0000000080000000, 0x0000000084300000, 0x00000000d5580000)
  object space 68608K, 79% used [0x0000000080000000,0x0000000083535d28,0x0000000084300000)
 Metaspace       used 55305K, committed 56768K, reserved 1114112K
  class space    used 5988K, committed 6656K, reserved 1048576K
}

