# JRE version: OpenJDK Runtime Environment Temurin-21.0.10+7 (21.0.10+7) (build 21.0.10+7-LTS)
# Java VM: OpenJDK 64-Bit Server VM Temurin-21.0.10+7 (21.0.10+7-LTS, mixed mode, sharing, tiered, compressed oops, compressed class ptrs, parallel gc, windows-amd64)
GC Precious Log:
 CardTable entry size: 512
 CPUs: 12 total, 12 available
 Memory: 16076M
 Large Page Support: Disabled
 NUMA Support: Disabled
 Compressed Oops: Enabled (32-bit)
 Alignments: Space 512K, Generation 512K, Heap 2M
 Heap Min Capacity: 100M
 Heap Initial Capacity: 100M
 Heap Max Capacity: 2G
 Pre-touch: Disabled
 Parallel Workers: 10
Heap:
 PSYoungGen      total 20480K, used 5302K [0x00000000d5580000, 0x00000000d6b80000, 0x0000000100000000)
  eden space 19968K, 24% used [0x00000000d5580000,0x00000000d5a55860,0x00000000d6900000)
  from space 512K, 68% used [0x00000000d6b00000,0x00000000d6b58000,0x00000000d6b80000)
  to   space 512K, 0% used [0x00000000d6980000,0x00000000d6980000,0x00000000d6a00000)
 ParOldGen       total 326144K, used 145730K [0x0000000080000000, 0x0000000093e80000, 0x00000000d5580000)
  object space 326144K, 44% used [0x0000000080000000,0x0000000088e50b30,0x0000000093e80000)
 Metaspace       used 73789K, committed 75520K, reserved 1179648K
  class space    used 7393K, committed 8128K, reserved 1048576K
GC Heap History (20 events):
Event: 164.599 GC heap before
{Heap before GC invocations=285 (full 4):
 PSYoungGen      total 20992K, used 20975K [0x00000000d5580000, 0x00000000d7380000, 0x0000000100000000)
  eden space 19968K, 100% used [0x00000000d5580000,0x00000000d6900000,0x00000000d6900000)
  from space 1024K, 98% used [0x00000000d6d80000,0x00000000d6e7bf18,0x00000000d6e80000)
  to   space 4608K, 0% used [0x00000000d6900000,0x00000000d6900000,0x00000000d6d80000)
 ParOldGen       total 326144K, used 143273K [0x0000000080000000, 0x0000000093e80000, 0x00000000d5580000)
  object space 326144K, 43% used [0x0000000080000000,0x0000000088bea790,0x0000000093e80000)
 Metaspace       used 72999K, committed 74688K, reserved 1179648K
  class space    used 7342K, committed 8064K, reserved 1048576K
}
Event: 164.601 GC heap after
{Heap after GC invocations=285 (full 4):
 PSYoungGen      total 21504K, used 1476K [0x00000000d5580000, 0x00000000d6e00000, 0x0000000100000000)
  eden space 19968K, 0% used [0x00000000d5580000,0x00000000d5580000,0x00000000d6900000)
  from space 1536K, 96% used [0x00000000d6900000,0x00000000d6a71210,0x00000000d6a80000)
  to   space 2560K, 0% used [0x00000000d6b80000,0x00000000d6b80000,0x00000000d6e00000)
 ParOldGen       total 326144K, used 144061K [0x0000000080000000, 0x0000000093e80000, 0x00000000d5580000)
  object space 326144K, 44% used [0x0000000080000000,0x0000000088caf4b8,0x0000000093e80000)
 Metaspace       used 72999K, committed 74688K, reserved 1179648K
  class space    used 7342K, committed 8064K, reserved 1048576K
}
Event: 164.918 GC heap before
{Heap before GC invocations=286 (full 4):
 PSYoungGen      total 21504K, used 21444K [0x00000000d5580000, 0x00000000d6e00000, 0x0000000100000000)
  eden space 19968K, 100% used [0x00000000d5580000,0x00000000d6900000,0x00000000d6900000)
  from space 1536K, 96% used [0x00000000d6900000,0x00000000d6a71210,0x00000000d6a80000)
  to   space 2560K, 0% used [0x00000000d6b80000,0x00000000d6b80000,0x00000000d6e00000)
 ParOldGen       total 326144K, used 144061K [0x0000000080000000, 0x0000000093e80000, 0x00000000d5580000)
  object space 326144K, 44% used [0x0000000080000000,0x0000000088caf4b8,0x0000000093e80000)
 Metaspace       used 73018K, committed 74752K, reserved 1179648K
  class space    used 7342K, committed 8064K, reserved 1048576K
}
Event: 164.920 GC heap after
{Heap after GC invocations=286 (full 4):
 PSYoungGen      total 22016K, used 1703K [0x00000000d5580000, 0x00000000d6d80000, 0x0000000100000000)
  eden space 19968K, 0% used [0x00000000d5580000,0x00000000d5580000,0x00000000d6900000)
  from space 2048K, 83% used [0x00000000d6b80000,0x00000000d6d29f30,0x00000000d6d80000)
  to   space 2048K, 0% used [0x00000000d6980000,0x00000000d6980000,0x00000000d6b80000)
 ParOldGen       total 326144K, used 145013K [0x0000000080000000, 0x0000000093e80000, 0x00000000d5580000)
  object space 326144K, 44% used [0x0000000080000000,0x0000000088d9d7b0,0x0000000093e80000)
 Metaspace       used 73018K, committed 74752K, reserved 1179648K
  class space    used 7342K, committed 8064K, reserved 1048576K
}
Event: 666.829 GC heap before
{Heap before GC invocations=287 (full 4):
 PSYoungGen      total 22016K, used 21669K [0x00000000d5580000, 0x00000000d6d80000, 0x0000000100000000)
  eden space 19968K, 99% used [0x00000000d5580000,0x00000000d68ff860,0x00000000d6900000)
  from space 2048K, 83% used [0x00000000d6b80000,0x00000000d6d29f30,0x00000000d6d80000)
  to   space 2048K, 0% used [0x00000000d6980000,0x00000000d6980000,0x00000000d6b80000)
 ParOldGen       total 326144K, used 145013K [0x0000000080000000, 0x0000000093e80000, 0x00000000d5580000)
  object space 326144K, 44% used [0x0000000080000000,0x0000000088d9d7b0,0x0000000093e80000)
 Metaspace       used 73340K, committed 75008K, reserved 1179648K
  class space    used 7373K, committed 8064K, reserved 1048576K
}
Event: 666.901 GC heap after
{Heap after GC invocations=287 (full 4):
 PSYoungGen      total 20480K, used 448K [0x00000000d5580000, 0x00000000d6c00000, 0x0000000100000000)
  eden space 19968K, 0% used [0x00000000d5580000,0x00000000d5580000,0x00000000d6900000)
  from space 512K, 87% used [0x00000000d6980000,0x00000000d69f0000,0x00000000d6a00000)
  to   space 1024K, 0% used [0x00000000d6b00000,0x00000000d6b00000,0x00000000d6c00000)
 ParOldGen       total 326144K, used 145077K [0x0000000080000000, 0x0000000093e80000, 0x00000000d5580000)
  object space 326144K, 44% used [0x0000000080000000,0x0000000088dad7b0,0x0000000093e80000)
 Metaspace       used 73340K, committed 75008K, reserved 1179648K
  class space    used 7373K, committed 8064K, reserved 1048576K
}
Event: 730.384 GC heap before
{Heap before GC invocations=288 (full 4):
 PSYoungGen      total 20480K, used 20416K [0x00000000d5580000, 0x00000000d6c00000, 0x0000000100000000)
  eden space 19968K, 100% used [0x00000000d5580000,0x00000000d6900000,0x00000000d6900000)
  from space 512K, 87% used [0x00000000d6980000,0x00000000d69f0000,0x00000000d6a00000)
  to   space 1024K, 0% used [0x00000000d6b00000,0x00000000d6b00000,0x00000000d6c00000)
 ParOldGen       total 326144K, used 145077K [0x0000000080000000, 0x0000000093e80000, 0x00000000d5580000)
  object space 326144K, 44% used [0x0000000080000000,0x0000000088dad7b0,0x0000000093e80000)
 Metaspace       used 73579K, committed 75328K, reserved 1179648K
  class space    used 7393K, committed 8128K, reserved 1048576K
}
Event: 730.386 GC heap after
{Heap after GC invocations=288 (full 4):
 PSYoungGen      total 20480K, used 384K [0x00000000d5580000, 0x00000000d6b80000, 0x0000000100000000)
  eden space 19968K, 0% used [0x00000000d5580000,0x00000000d5580000,0x00000000d6900000)
  from space 512K, 75% used [0x00000000d6b00000,0x00000000d6b60000,0x00000000d6b80000)
  to   space 512K, 0% used [0x00000000d6980000,0x00000000d6980000,0x00000000d6a00000)
 ParOldGen       total 326144K, used 145301K [0x0000000080000000, 0x0000000093e80000, 0x00000000d5580000)
  object space 326144K, 44% used [0x0000000080000000,0x0000000088de57b0,0x0000000093e80000)
 Metaspace       used 73579K, committed 75328K, reserved 1179648K
  class space    used 7393K, committed 8128K, reserved 1048576K
}
Event: 820.690 GC heap before
{Heap before GC invocations=289 (full 4):
 PSYoungGen      total 20480K, used 20352K [0x00000000d5580000, 0x00000000d6b80000, 0x0000000100000000)
  eden space 19968K, 100% used [0x00000000d5580000,0x00000000d6900000,0x00000000d6900000)
  from space 512K, 75% used [0x00000000d6b00000,0x00000000d6b60000,0x00000000d6b80000)
  to   space 512K, 0% used [0x00000000d6980000,0x00000000d6980000,0x00000000d6a00000)
 ParOldGen       total 326144K, used 145301K [0x0000000080000000, 0x0000000093e80000, 0x00000000d5580000)
  object space 326144K, 44% used [0x0000000080000000,0x0000000088de57b0,0x0000000093e80000)
 Metaspace       used 73610K, committed 75328K, reserved 1179648K
  class space    used 7393K, committed 8128K, reserved 1048576K
}
Event: 820.695 GC heap after
{Heap after GC invocations=289 (full 4):
 PSYoungGen      total 20480K, used 432K [0x00000000d5580000, 0x00000000d6b80000, 0x0000000100000000)
  eden space 19968K, 0% used [0x00000000d5580000,0x00000000d5580000,0x00000000d6900000)
  from space 512K, 84% used [0x00000000d6980000,0x00000000d69ec010,0x00000000d6a00000)
  to   space 512K, 0% used [0x00000000d6b00000,0x00000000d6b00000,0x00000000d6b80000)
 ParOldGen       total 326144K, used 145434K [0x0000000080000000, 0x0000000093e80000, 0x00000000d5580000)
  object space 326144K, 44% used [0x0000000080000000,0x0000000088e06b20,0x0000000093e80000)
 Metaspace       used 73610K, committed 75328K, reserved 1179648K
  class space    used 7393K, committed 8128K, reserved 1048576K
}
Event: 881.402 GC heap before
{Heap before GC invocations=290 (full 4):
 PSYoungGen      total 20480K, used 20400K [0x00000000d5580000, 0x00000000d6b80000, 0x0000000100000000)
  eden space 19968K, 100% used [0x00000000d5580000,0x00000000d6900000,0x00000000d6900000)
  from space 512K, 84% used [0x00000000d6980000,0x00000000d69ec010,0x00000000d6a00000)
  to   space 512K, 0% used [0x00000000d6b00000,0x00000000d6b00000,0x00000000d6b80000)
 ParOldGen       total 326144K, used 145434K [0x0000000080000000, 0x0000000093e80000, 0x00000000d5580000)
  object space 326144K, 44% used [0x0000000080000000,0x0000000088e06b20,0x0000000093e80000)
 Metaspace       used 73635K, committed 75328K, reserved 1179648K
  class space    used 7393K, committed 8128K, reserved 1048576K
}
Event: 881.404 GC heap after
{Heap after GC invocations=290 (full 4):
 PSYoungGen      total 20480K, used 384K [0x00000000d5580000, 0x00000000d6b80000, 0x0000000100000000)
  eden space 19968K, 0% used [0x00000000d5580000,0x00000000d5580000,0x00000000d6900000)
  from space 512K, 75% used [0x00000000d6b00000,0x00000000d6b60000,0x00000000d6b80000)
  to   space 512K, 0% used [0x00000000d6980000,0x00000000d6980000,0x00000000d6a00000)
 ParOldGen       total 326144K, used 145506K [0x0000000080000000, 0x0000000093e80000, 0x00000000d5580000)
  object space 326144K, 44% used [0x0000000080000000,0x0000000088e18b30,0x0000000093e80000)
 Metaspace       used 73635K, committed 75328K, reserved 1179648K
  class space    used 7393K, committed 8128K, reserved 1048576K
}
Event: 906.629 GC heap before
{Heap before GC invocations=291 (full 4):
 PSYoungGen      total 20480K, used 20352K [0x00000000d5580000, 0x00000000d6b80000, 0x0000000100000000)
  eden space 19968K, 100% used [0x00000000d5580000,0x00000000d6900000,0x00000000d6900000)
  from space 512K, 75% used [0x00000000d6b00000,0x00000000d6b60000,0x00000000d6b80000)
  to   space 512K, 0% used [0x00000000d6980000,0x00000000d6980000,0x00000000d6a00000)
 ParOldGen       total 326144K, used 145506K [0x0000000080000000, 0x0000000093e80000, 0x00000000d5580000)
  object space 326144K, 44% used [0x0000000080000000,0x0000000088e18b30,0x0000000093e80000)
 Metaspace       used 73691K, committed 75392K, reserved 1179648K
  class space    used 7393K, committed 8128K, reserved 1048576K
}
Event: 906.631 GC heap after
{Heap after GC invocations=291 (full 4):
 PSYoungGen      total 20480K, used 384K [0x00000000d5580000, 0x00000000d6b80000, 0x0000000100000000)
  eden space 19968K, 0% used [0x00000000d5580000,0x00000000d5580000,0x00000000d6900000)
  from space 512K, 75% used [0x00000000d6980000,0x00000000d69e0000,0x00000000d6a00000)
  to   space 512K, 0% used [0x00000000d6b00000,0x00000000d6b00000,0x00000000d6b80000)
 ParOldGen       total 326144K, used 145554K [0x0000000080000000, 0x0000000093e80000, 0x00000000d5580000)
  object space 326144K, 44% used [0x0000000080000000,0x0000000088e24b30,0x0000000093e80000)
 Metaspace       used 73691K, committed 75392K, reserved 1179648K
  class space    used 7393K, committed 8128K, reserved 1048576K
}
Event: 918.845 GC heap before
{Heap before GC invocations=292 (full 4):
 PSYoungGen      total 20480K, used 20352K [0x00000000d5580000, 0x00000000d6b80000, 0x0000000100000000)
  eden space 19968K, 100% used [0x00000000d5580000,0x00000000d6900000,0x00000000d6900000)
  from space 512K, 75% used [0x00000000d6980000,0x00000000d69e0000,0x00000000d6a00000)
  to   space 512K, 0% used [0x00000000d6b00000,0x00000000d6b00000,0x00000000d6b80000)
 ParOldGen       total 326144K, used 145554K [0x0000000080000000, 0x0000000093e80000, 0x00000000d5580000)
  object space 326144K, 44% used [0x0000000080000000,0x0000000088e24b30,0x0000000093e80000)
 Metaspace       used 73717K, committed 75392K, reserved 1179648K
  class space    used 7393K, committed 8128K, reserved 1048576K
}
Event: 918.846 GC heap after
{Heap after GC invocations=292 (full 4):
 PSYoungGen      total 20480K, used 320K [0x00000000d5580000, 0x00000000d6b80000, 0x0000000100000000)
  eden space 19968K, 0% used [0x00000000d5580000,0x00000000d5580000,0x00000000d6900000)
  from space 512K, 62% used [0x00000000d6b00000,0x00000000d6b50000,0x00000000d6b80000)
  to   space 512K, 0% used [0x00000000d6980000,0x00000000d6980000,0x00000000d6a00000)
 ParOldGen       total 326144K, used 145594K [0x0000000080000000, 0x0000000093e80000, 0x00000000d5580000)
  object space 326144K, 44% used [0x0000000080000000,0x0000000088e2eb30,0x0000000093e80000)
 Metaspace       used 73717K, committed 75392K, reserved 1179648K
  class space    used 7393K, committed 8128K, reserved 1048576K
}
Event: 947.032 GC heap before
{Heap before GC invocations=293 (full 4):
 PSYoungGen      total 20480K, used 20288K [0x00000000d5580000, 0x00000000d6b80000, 0x0000000100000000)
  eden space 19968K, 100% used [0x00000000d5580000,0x00000000d6900000,0x00000000d6900000)
  from space 512K, 62% used [0x00000000d6b00000,0x00000000d6b50000,0x00000000d6b80000)
  to   space 512K, 0% used [0x00000000d6980000,0x00000000d6980000,0x00000000d6a00000)
 ParOldGen       total 326144K, used 145594K [0x0000000080000000, 0x0000000093e80000, 0x00000000d5580000)
  object space 326144K, 44% used [0x0000000080000000,0x0000000088e2eb30,0x0000000093e80000)
 Metaspace       used 73730K, committed 75392K, reserved 1179648K
  class space    used 7393K, committed 8128K, reserved 1048576K
}
Event: 947.035 GC heap after
{Heap after GC invocations=293 (full 4):
 PSYoungGen      total 20480K, used 384K [0x00000000d5580000, 0x00000000d6b80000, 0x0000000100000000)
  eden space 19968K, 0% used [0x00000000d5580000,0x00000000d5580000,0x00000000d6900000)
  from space 512K, 75% used [0x00000000d6980000,0x00000000d69e0000,0x00000000d6a00000)
  to   space 512K, 0% used [0x00000000d6b00000,0x00000000d6b00000,0x00000000d6b80000)
 ParOldGen       total 326144K, used 145658K [0x0000000080000000, 0x0000000093e80000, 0x00000000d5580000)
  object space 326144K, 44% used [0x0000000080000000,0x0000000088e3eb30,0x0000000093e80000)
 Metaspace       used 73730K, committed 75392K, reserved 1179648K
  class space    used 7393K, committed 8128K, reserved 1048576K
}
Event: 994.340 GC heap before
{Heap before GC invocations=294 (full 4):
 PSYoungGen      total 20480K, used 20352K [0x00000000d5580000, 0x00000000d6b80000, 0x0000000100000000)
  eden space 19968K, 100% used [0x00000000d5580000,0x00000000d6900000,0x00000000d6900000)
  from space 512K, 75% used [0x00000000d6980000,0x00000000d69e0000,0x00000000d6a00000)
  to   space 512K, 0% used [0x00000000d6b00000,0x00000000d6b00000,0x00000000d6b80000)
 ParOldGen       total 326144K, used 145658K [0x0000000080000000, 0x0000000093e80000, 0x00000000d5580000)
  object space 326144K, 44% used [0x0000000080000000,0x0000000088e3eb30,0x0000000093e80000)
 Metaspace       used 73767K, committed 75520K, reserved 1179648K
  class space    used 7393K, committed 8128K, reserved 1048576K
}
Event: 994.342 GC heap after
{Heap after GC invocations=294 (full 4):
 PSYoungGen      total 20480K, used 352K [0x00000000d5580000, 0x00000000d6b80000, 0x0000000100000000)
  eden space 19968K, 0% used [0x00000000d5580000,0x00000000d5580000,0x00000000d6900000)
  from space 512K, 68% used [0x00000000d6b00000,0x00000000d6b58000,0x00000000d6b80000)
  to   space 512K, 0% used [0x00000000d6980000,0x00000000d6980000,0x00000000d6a00000)
 ParOldGen       total 326144K, used 145730K [0x0000000080000000, 0x0000000093e80000, 0x00000000d5580000)
  object space 326144K, 44% used [0x0000000080000000,0x0000000088e50b30,0x0000000093e80000)
 Metaspace       used 73767K, committed 75520K, reserved 1179648K
  class space    used 7393K, committed 8128K, reserved 1048576K
}

