# JRE version: OpenJDK Runtime Environment Temurin-21.0.10+7 (21.0.10+7) (build 21.0.10+7-LTS)
# Java VM: OpenJDK 64-Bit Server VM Temurin-21.0.10+7 (21.0.10+7-LTS, mixed mode, sharing, tiered, compressed oops, compressed class ptrs, parallel gc, windows-amd64)
GC Precious Log:
 CardTable entry size: 512
 CPUs: 12 total, 12 available
 Memory: 16076M
 Large Page Support: Disabled
 NUMA Support: Disabled
 Compressed Oops: Enabled (32-bit)
 Alignments: Space 512K, Generation 512K, Heap 2M
 Heap Min Capacity: 100M
 Heap Initial Capacity: 100M
 Heap Max Capacity: 2G
 Pre-touch: Disabled
 Parallel Workers: 10
Heap:
 PSYoungGen      total 7168K, used 2674K [0x00000000d5580000, 0x00000000d5f80000, 0x0000000100000000)
  eden space 5632K, 36% used [0x00000000d5580000,0x00000000d577f830,0x00000000d5b00000)
  from space 1536K, 40% used [0x00000000d5d00000,0x00000000d5d9d200,0x00000000d5e80000)
  to   space 1024K, 0% used [0x00000000d5e80000,0x00000000d5e80000,0x00000000d5f80000)
 ParOldGen       total 159232K, used 159203K [0x0000000080000000, 0x0000000089b80000, 0x00000000d5580000)
  object space 159232K, 99% used [0x0000000080000000,0x0000000089b78eb0,0x0000000089b80000)
 Metaspace       used 67826K, committed 69440K, reserved 1114112K
  class space    used 7178K, committed 7936K, reserved 1048576K
GC Heap History (20 events):
Event: 34.658 GC heap before
{Heap before GC invocations=149 (full 3):
 PSYoungGen      total 9728K, used 9100K [0x00000000d5580000, 0x00000000d6000000, 0x0000000100000000)
  eden space 8192K, 100% used [0x00000000d5580000,0x00000000d5d80000,0x00000000d5d80000)
  from space 1536K, 59% used [0x00000000d5d80000,0x00000000d5e63228,0x00000000d5f00000)
  to   space 1024K, 0% used [0x00000000d5f00000,0x00000000d5f00000,0x00000000d6000000)
 ParOldGen       total 143360K, used 143100K [0x0000000080000000, 0x0000000088c00000, 0x00000000d5580000)
  object space 143360K, 99% used [0x0000000080000000,0x0000000088bbf080,0x0000000088c00000)
 Metaspace       used 67618K, committed 69248K, reserved 1114112K
  class space    used 7165K, committed 7936K, reserved 1048576K
}
Event: 34.664 GC heap after
{Heap after GC invocations=149 (full 3):
 PSYoungGen      total 6656K, used 1019K [0x00000000d5580000, 0x00000000d6580000, 0x0000000100000000)
  eden space 5632K, 0% used [0x00000000d5580000,0x00000000d5580000,0x00000000d5b00000)
  from space 1024K, 99% used [0x00000000d5f00000,0x00000000d5ffed38,0x00000000d6000000)
  to   space 4096K, 0% used [0x00000000d5b00000,0x00000000d5b00000,0x00000000d5f00000)
 ParOldGen       total 145920K, used 145674K [0x0000000080000000, 0x0000000088e80000, 0x00000000d5580000)
  object space 145920K, 99% used [0x0000000080000000,0x0000000088e42bf8,0x0000000088e80000)
 Metaspace       used 67618K, committed 69248K, reserved 1114112K
  class space    used 7165K, committed 7936K, reserved 1048576K
}
Event: 34.715 GC heap before
{Heap before GC invocations=150 (full 3):
 PSYoungGen      total 6656K, used 6651K [0x00000000d5580000, 0x00000000d6580000, 0x0000000100000000)
  eden space 5632K, 100% used [0x00000000d5580000,0x00000000d5b00000,0x00000000d5b00000)
  from space 1024K, 99% used [0x00000000d5f00000,0x00000000d5ffed38,0x00000000d6000000)
  to   space 4096K, 0% used [0x00000000d5b00000,0x00000000d5b00000,0x00000000d5f00000)
 ParOldGen       total 145920K, used 145674K [0x0000000080000000, 0x0000000088e80000, 0x00000000d5580000)
  object space 145920K, 99% used [0x0000000080000000,0x0000000088e42bf8,0x0000000088e80000)
 Metaspace       used 67631K, committed 69312K, reserved 1114112K
  class space    used 7165K, committed 7936K, reserved 1048576K
}
Event: 34.719 GC heap after
{Heap after GC invocations=150 (full 3):
 PSYoungGen      total 7680K, used 1902K [0x00000000d5580000, 0x00000000d6000000, 0x0000000100000000)
  eden space 5632K, 0% used [0x00000000d5580000,0x00000000d5580000,0x00000000d5b00000)
  from space 2048K, 92% used [0x00000000d5b00000,0x00000000d5cdbb00,0x00000000d5d00000)
  to   space 2560K, 0% used [0x00000000d5d80000,0x00000000d5d80000,0x00000000d6000000)
 ParOldGen       total 146944K, used 146726K [0x0000000080000000, 0x0000000088f80000, 0x00000000d5580000)
  object space 146944K, 99% used [0x0000000080000000,0x0000000088f49930,0x0000000088f80000)
 Metaspace       used 67631K, committed 69312K, reserved 1114112K
  class space    used 7165K, committed 7936K, reserved 1048576K
}
Event: 34.775 GC heap before
{Heap before GC invocations=151 (full 3):
 PSYoungGen      total 7680K, used 7398K [0x00000000d5580000, 0x00000000d6000000, 0x0000000100000000)
  eden space 5632K, 97% used [0x00000000d5580000,0x00000000d5ade0f0,0x00000000d5b00000)
  from space 2048K, 92% used [0x00000000d5b00000,0x00000000d5cdbb00,0x00000000d5d00000)
  to   space 2560K, 0% used [0x00000000d5d80000,0x00000000d5d80000,0x00000000d6000000)
 ParOldGen       total 146944K, used 146726K [0x0000000080000000, 0x0000000088f80000, 0x00000000d5580000)
  object space 146944K, 99% used [0x0000000080000000,0x0000000088f49930,0x0000000088f80000)
 Metaspace       used 67687K, committed 69312K, reserved 1114112K
  class space    used 7168K, committed 7936K, reserved 1048576K
}
Event: 34.779 GC heap after
{Heap after GC invocations=151 (full 3):
 PSYoungGen      total 6656K, used 614K [0x00000000d5580000, 0x00000000d5e80000, 0x0000000100000000)
  eden space 5632K, 0% used [0x00000000d5580000,0x00000000d5580000,0x00000000d5b00000)
  from space 1024K, 60% used [0x00000000d5d80000,0x00000000d5e19b18,0x00000000d5e80000)
  to   space 1536K, 0% used [0x00000000d5b80000,0x00000000d5b80000,0x00000000d5d00000)
 ParOldGen       total 148480K, used 148310K [0x0000000080000000, 0x0000000089100000, 0x00000000d5580000)
  object space 148480K, 99% used [0x0000000080000000,0x00000000890d5930,0x0000000089100000)
 Metaspace       used 67687K, committed 69312K, reserved 1114112K
  class space    used 7168K, committed 7936K, reserved 1048576K
}
Event: 34.802 GC heap before
{Heap before GC invocations=152 (full 3):
 PSYoungGen      total 6656K, used 6246K [0x00000000d5580000, 0x00000000d5e80000, 0x0000000100000000)
  eden space 5632K, 100% used [0x00000000d5580000,0x00000000d5b00000,0x00000000d5b00000)
  from space 1024K, 60% used [0x00000000d5d80000,0x00000000d5e19b18,0x00000000d5e80000)
  to   space 1536K, 0% used [0x00000000d5b80000,0x00000000d5b80000,0x00000000d5d00000)
 ParOldGen       total 148480K, used 148310K [0x0000000080000000, 0x0000000089100000, 0x00000000d5580000)
  object space 148480K, 99% used [0x0000000080000000,0x00000000890d5930,0x0000000089100000)
 Metaspace       used 67696K, committed 69312K, reserved 1114112K
  class space    used 7168K, committed 7936K, reserved 1048576K
}
Event: 34.811 GC heap after
{Heap after GC invocations=152 (full 3):
 PSYoungGen      total 7168K, used 1510K [0x00000000d5580000, 0x00000000d6500000, 0x0000000100000000)
  eden space 5632K, 0% used [0x00000000d5580000,0x00000000d5580000,0x00000000d5b00000)
  from space 1536K, 98% used [0x00000000d5b80000,0x00000000d5cf9b18,0x00000000d5d00000)
  to   space 5120K, 0% used [0x00000000d6000000,0x00000000d6000000,0x00000000d6500000)
 ParOldGen       total 151552K, used 151053K [0x0000000080000000, 0x0000000089400000, 0x00000000d5580000)
  object space 151552K, 99% used [0x0000000080000000,0x0000000089383468,0x0000000089400000)
 Metaspace       used 67696K, committed 69312K, reserved 1114112K
  class space    used 7168K, committed 7936K, reserved 1048576K
}
Event: 34.857 GC heap before
{Heap before GC invocations=153 (full 3):
 PSYoungGen      total 7168K, used 6958K [0x00000000d5580000, 0x00000000d6500000, 0x0000000100000000)
  eden space 5632K, 96% used [0x00000000d5580000,0x00000000d5ad1e30,0x00000000d5b00000)
  from space 1536K, 98% used [0x00000000d5b80000,0x00000000d5cf9b18,0x00000000d5d00000)
  to   space 5120K, 0% used [0x00000000d6000000,0x00000000d6000000,0x00000000d6500000)
 ParOldGen       total 151552K, used 151442K [0x0000000080000000, 0x0000000089400000, 0x00000000d5580000)
  object space 151552K, 99% used [0x0000000080000000,0x00000000893e4998,0x0000000089400000)
 Metaspace       used 67702K, committed 69312K, reserved 1114112K
  class space    used 7168K, committed 7936K, reserved 1048576K
}
Event: 34.861 GC heap after
{Heap after GC invocations=153 (full 3):
 PSYoungGen      total 9216K, used 3202K [0x00000000d5580000, 0x00000000d6380000, 0x0000000100000000)
  eden space 5632K, 0% used [0x00000000d5580000,0x00000000d5580000,0x00000000d5b00000)
  from space 3584K, 89% used [0x00000000d6000000,0x00000000d63209d8,0x00000000d6380000)
  to   space 3584K, 0% used [0x00000000d5c80000,0x00000000d5c80000,0x00000000d6000000)
 ParOldGen       total 153088K, used 152777K [0x0000000080000000, 0x0000000089580000, 0x00000000d5580000)
  object space 153088K, 99% used [0x0000000080000000,0x00000000895324b0,0x0000000089580000)
 Metaspace       used 67702K, committed 69312K, reserved 1114112K
  class space    used 7168K, committed 7936K, reserved 1048576K
}
Event: 34.890 GC heap before
{Heap before GC invocations=154 (full 3):
 PSYoungGen      total 9216K, used 8834K [0x00000000d5580000, 0x00000000d6380000, 0x0000000100000000)
  eden space 5632K, 100% used [0x00000000d5580000,0x00000000d5b00000,0x00000000d5b00000)
  from space 3584K, 89% used [0x00000000d6000000,0x00000000d63209d8,0x00000000d6380000)
  to   space 3584K, 0% used [0x00000000d5c80000,0x00000000d5c80000,0x00000000d6000000)
 ParOldGen       total 153600K, used 153196K [0x0000000080000000, 0x0000000089600000, 0x00000000d5580000)
  object space 153600K, 99% used [0x0000000080000000,0x000000008959b300,0x0000000089600000)
 Metaspace       used 67710K, committed 69376K, reserved 1114112K
  class space    used 7168K, committed 7936K, reserved 1048576K
}
Event: 34.897 GC heap after
{Heap after GC invocations=154 (full 3):
 PSYoungGen      total 9216K, used 3575K [0x00000000d5580000, 0x00000000d6800000, 0x0000000100000000)
  eden space 5632K, 0% used [0x00000000d5580000,0x00000000d5580000,0x00000000d5b00000)
  from space 3584K, 99% used [0x00000000d5c80000,0x00000000d5ffde38,0x00000000d6000000)
  to   space 6656K, 0% used [0x00000000d6180000,0x00000000d6180000,0x00000000d6800000)
 ParOldGen       total 155648K, used 155474K [0x0000000080000000, 0x0000000089800000, 0x00000000d5580000)
  object space 155648K, 99% used [0x0000000080000000,0x00000000897d4930,0x0000000089800000)
 Metaspace       used 67710K, committed 69376K, reserved 1114112K
  class space    used 7168K, committed 7936K, reserved 1048576K
}
Event: 34.937 GC heap before
{Heap before GC invocations=155 (full 3):
 PSYoungGen      total 9216K, used 9188K [0x00000000d5580000, 0x00000000d6800000, 0x0000000100000000)
  eden space 5632K, 99% used [0x00000000d5580000,0x00000000d5afb3b0,0x00000000d5b00000)
  from space 3584K, 99% used [0x00000000d5c80000,0x00000000d5ffde38,0x00000000d6000000)
  to   space 6656K, 0% used [0x00000000d6180000,0x00000000d6180000,0x00000000d6800000)
 ParOldGen       total 155648K, used 155474K [0x0000000080000000, 0x0000000089800000, 0x00000000d5580000)
  object space 155648K, 99% used [0x0000000080000000,0x00000000897d4930,0x0000000089800000)
 Metaspace       used 67747K, committed 69376K, reserved 1114112K
  class space    used 7177K, committed 7936K, reserved 1048576K
}
Event: 34.940 GC heap after
{Heap after GC invocations=155 (full 3):
 PSYoungGen      total 8192K, used 2442K [0x00000000d5580000, 0x00000000d6400000, 0x0000000100000000)
  eden space 5632K, 0% used [0x00000000d5580000,0x00000000d5580000,0x00000000d5b00000)
  from space 2560K, 95% used [0x00000000d6180000,0x00000000d63e2808,0x00000000d6400000)
  to   space 4096K, 0% used [0x00000000d5c00000,0x00000000d5c00000,0x00000000d6000000)
 ParOldGen       total 158208K, used 157740K [0x0000000080000000, 0x0000000089a80000, 0x00000000d5580000)
  object space 158208K, 99% used [0x0000000080000000,0x0000000089a0b3b0,0x0000000089a80000)
 Metaspace       used 67747K, committed 69376K, reserved 1114112K
  class space    used 7177K, committed 7936K, reserved 1048576K
}
Event: 34.971 GC heap before
{Heap before GC invocations=156 (full 3):
 PSYoungGen      total 8192K, used 8066K [0x00000000d5580000, 0x00000000d6400000, 0x0000000100000000)
  eden space 5632K, 99% used [0x00000000d5580000,0x00000000d5afe1d8,0x00000000d5b00000)
  from space 2560K, 95% used [0x00000000d6180000,0x00000000d63e2808,0x00000000d6400000)
  to   space 4096K, 0% used [0x00000000d5c00000,0x00000000d5c00000,0x00000000d6000000)
 ParOldGen       total 158208K, used 157740K [0x0000000080000000, 0x0000000089a80000, 0x00000000d5580000)
  object space 158208K, 99% used [0x0000000080000000,0x0000000089a0b3b0,0x0000000089a80000)
 Metaspace       used 67749K, committed 69376K, reserved 1114112K
  class space    used 7177K, committed 7936K, reserved 1048576K
}
Event: 34.974 GC heap after
{Heap after GC invocations=156 (full 3):
 PSYoungGen      total 8192K, used 2507K [0x00000000d5580000, 0x00000000d6200000, 0x0000000100000000)
  eden space 5632K, 0% used [0x00000000d5580000,0x00000000d5580000,0x00000000d5b00000)
  from space 2560K, 97% used [0x00000000d5c00000,0x00000000d5e72f28,0x00000000d5e80000)
  to   space 3072K, 0% used [0x00000000d5f00000,0x00000000d5f00000,0x00000000d6200000)
 ParOldGen       total 158720K, used 158457K [0x0000000080000000, 0x0000000089b00000, 0x00000000d5580000)
  object space 158720K, 99% used [0x0000000080000000,0x0000000089abe6b8,0x0000000089b00000)
 Metaspace       used 67749K, committed 69376K, reserved 1114112K
  class space    used 7177K, committed 7936K, reserved 1048576K
}
Event: 35.033 GC heap before
{Heap before GC invocations=157 (full 3):
 PSYoungGen      total 8192K, used 8139K [0x00000000d5580000, 0x00000000d6200000, 0x0000000100000000)
  eden space 5632K, 100% used [0x00000000d5580000,0x00000000d5b00000,0x00000000d5b00000)
  from space 2560K, 97% used [0x00000000d5c00000,0x00000000d5e72f28,0x00000000d5e80000)
  to   space 3072K, 0% used [0x00000000d5f00000,0x00000000d5f00000,0x00000000d6200000)
 ParOldGen       total 158720K, used 158457K [0x0000000080000000, 0x0000000089b00000, 0x00000000d5580000)
  object space 158720K, 99% used [0x0000000080000000,0x0000000089abe6b8,0x0000000089b00000)
 Metaspace       used 67760K, committed 69376K, reserved 1114112K
  class space    used 7178K, committed 7936K, reserved 1048576K
}
Event: 35.036 GC heap after
{Heap after GC invocations=157 (full 3):
 PSYoungGen      total 6656K, used 762K [0x00000000d5580000, 0x00000000d6000000, 0x0000000100000000)
  eden space 5632K, 0% used [0x00000000d5580000,0x00000000d5580000,0x00000000d5b00000)
  from space 1024K, 74% used [0x00000000d5f00000,0x00000000d5fbeb08,0x00000000d6000000)
  to   space 1536K, 0% used [0x00000000d5d00000,0x00000000d5d00000,0x00000000d5e80000)
 ParOldGen       total 159232K, used 158961K [0x0000000080000000, 0x0000000089b80000, 0x00000000d5580000)
  object space 159232K, 99% used [0x0000000080000000,0x0000000089b3c738,0x0000000089b80000)
 Metaspace       used 67760K, committed 69376K, reserved 1114112K
  class space    used 7178K, committed 7936K, reserved 1048576K
}
Event: 35.410 GC heap before
{Heap before GC invocations=158 (full 3):
 PSYoungGen      total 6656K, used 6394K [0x00000000d5580000, 0x00000000d6000000, 0x0000000100000000)
  eden space 5632K, 100% used [0x00000000d5580000,0x00000000d5b00000,0x00000000d5b00000)
  from space 1024K, 74% used [0x00000000d5f00000,0x00000000d5fbeb08,0x00000000d6000000)
  to   space 1536K, 0% used [0x00000000d5d00000,0x00000000d5d00000,0x00000000d5e80000)
 ParOldGen       total 159232K, used 158961K [0x0000000080000000, 0x0000000089b80000, 0x00000000d5580000)
  object space 159232K, 99% used [0x0000000080000000,0x0000000089b3c738,0x0000000089b80000)
 Metaspace       used 67802K, committed 69440K, reserved 1114112K
  class space    used 7178K, committed 7936K, reserved 1048576K
}
Event: 35.413 GC heap after
{Heap after GC invocations=158 (full 3):
 PSYoungGen      total 7168K, used 628K [0x00000000d5580000, 0x00000000d5f80000, 0x0000000100000000)
  eden space 5632K, 0% used [0x00000000d5580000,0x00000000d5580000,0x00000000d5b00000)
  from space 1536K, 40% used [0x00000000d5d00000,0x00000000d5d9d200,0x00000000d5e80000)
  to   space 1024K, 0% used [0x00000000d5e80000,0x00000000d5e80000,0x00000000d5f80000)
 ParOldGen       total 159232K, used 159203K [0x0000000080000000, 0x0000000089b80000, 0x00000000d5580000)
  object space 159232K, 99% used [0x0000000080000000,0x0000000089b78eb0,0x0000000089b80000)
 Metaspace       used 67802K, committed 69440K, reserved 1114112K
  class space    used 7178K, committed 7936K, reserved 1048576K
}

