# JRE version: OpenJDK Runtime Environment Temurin-21.0.10+7 (21.0.10+7) (build 21.0.10+7-LTS)
# Java VM: OpenJDK 64-Bit Server VM Temurin-21.0.10+7 (21.0.10+7-LTS, mixed mode, sharing, tiered, compressed oops, compressed class ptrs, parallel gc, windows-amd64)
GC Precious Log:
 CardTable entry size: 512
 CPUs: 12 total, 12 available
 Memory: 16076M
 Large Page Support: Disabled
 NUMA Support: Disabled
 Compressed Oops: Enabled (32-bit)
 Alignments: Space 512K, Generation 512K, Heap 2M
 Heap Min Capacity: 100M
 Heap Initial Capacity: 100M
 Heap Max Capacity: 2G
 Pre-touch: Disabled
 Parallel Workers: 10
Heap:
 PSYoungGen      total 13312K, used 4410K [0x00000000d5580000, 0x00000000d6680000, 0x0000000100000000)
  eden space 11776K, 25% used [0x00000000d5580000,0x00000000d5866b88,0x00000000d6100000)
  from space 1536K, 93% used [0x00000000d6500000,0x00000000d6668000,0x00000000d6680000)
  to   space 2048K, 0% used [0x00000000d6280000,0x00000000d6280000,0x00000000d6480000)
 ParOldGen       total 89088K, used 88992K [0x0000000080000000, 0x0000000085700000, 0x00000000d5580000)
  object space 89088K, 99% used [0x0000000080000000,0x00000000856e8130,0x0000000085700000)
 Metaspace       used 65507K, committed 67072K, reserved 1114112K
  class space    used 6935K, committed 7552K, reserved 1048576K
GC Heap History (20 events):
Event: 25.381 GC heap before
{Heap before GC invocations=84 (full 3):
 PSYoungGen      total 20480K, used 20343K [0x00000000d5580000, 0x00000000d6b80000, 0x0000000100000000)
  eden space 19456K, 100% used [0x00000000d5580000,0x00000000d6880000,0x00000000d6880000)
  from space 1024K, 86% used [0x00000000d6a80000,0x00000000d6b5dc60,0x00000000d6b80000)
  to   space 1536K, 0% used [0x00000000d6880000,0x00000000d6880000,0x00000000d6a00000)
 ParOldGen       total 78336K, used 67952K [0x0000000080000000, 0x0000000084c80000, 0x00000000d5580000)
  object space 78336K, 86% used [0x0000000080000000,0x000000008425c1d8,0x0000000084c80000)
 Metaspace       used 60185K, committed 61632K, reserved 1114112K
  class space    used 6440K, committed 7040K, reserved 1048576K
}
Event: 25.384 GC heap after
{Heap after GC invocations=84 (full 3):
 PSYoungGen      total 20992K, used 896K [0x00000000d5580000, 0x00000000d6b00000, 0x0000000100000000)
  eden space 19456K, 0% used [0x00000000d5580000,0x00000000d5580000,0x00000000d6880000)
  from space 1536K, 58% used [0x00000000d6880000,0x00000000d6960020,0x00000000d6a00000)
  to   space 1024K, 0% used [0x00000000d6a00000,0x00000000d6a00000,0x00000000d6b00000)
 ParOldGen       total 78336K, used 68008K [0x0000000080000000, 0x0000000084c80000, 0x00000000d5580000)
  object space 78336K, 86% used [0x0000000080000000,0x000000008426a1d8,0x0000000084c80000)
 Metaspace       used 60185K, committed 61632K, reserved 1114112K
  class space    used 6440K, committed 7040K, reserved 1048576K
}
Event: 25.708 GC heap before
{Heap before GC invocations=85 (full 3):
 PSYoungGen      total 20992K, used 20352K [0x00000000d5580000, 0x00000000d6b00000, 0x0000000100000000)
  eden space 19456K, 100% used [0x00000000d5580000,0x00000000d6880000,0x00000000d6880000)
  from space 1536K, 58% used [0x00000000d6880000,0x00000000d6960020,0x00000000d6a00000)
  to   space 1024K, 0% used [0x00000000d6a00000,0x00000000d6a00000,0x00000000d6b00000)
 ParOldGen       total 78336K, used 68008K [0x0000000080000000, 0x0000000084c80000, 0x00000000d5580000)
  object space 78336K, 86% used [0x0000000080000000,0x000000008426a1d8,0x0000000084c80000)
 Metaspace       used 60572K, committed 62080K, reserved 1114112K
  class space    used 6478K, committed 7104K, reserved 1048576K
}
Event: 25.713 GC heap after
{Heap after GC invocations=85 (full 3):
 PSYoungGen      total 19456K, used 1009K [0x00000000d5580000, 0x00000000d6d80000, 0x0000000100000000)
  eden space 18432K, 0% used [0x00000000d5580000,0x00000000d5580000,0x00000000d6780000)
  from space 1024K, 98% used [0x00000000d6a00000,0x00000000d6afc598,0x00000000d6b00000)
  to   space 2560K, 0% used [0x00000000d6780000,0x00000000d6780000,0x00000000d6a00000)
 ParOldGen       total 78336K, used 68956K [0x0000000080000000, 0x0000000084c80000, 0x00000000d5580000)
  object space 78336K, 88% used [0x0000000080000000,0x0000000084357258,0x0000000084c80000)
 Metaspace       used 60572K, committed 62080K, reserved 1114112K
  class space    used 6478K, committed 7104K, reserved 1048576K
}
Event: 26.070 GC heap before
{Heap before GC invocations=86 (full 3):
 PSYoungGen      total 19456K, used 19441K [0x00000000d5580000, 0x00000000d6d80000, 0x0000000100000000)
  eden space 18432K, 100% used [0x00000000d5580000,0x00000000d6780000,0x00000000d6780000)
  from space 1024K, 98% used [0x00000000d6a00000,0x00000000d6afc598,0x00000000d6b00000)
  to   space 2560K, 0% used [0x00000000d6780000,0x00000000d6780000,0x00000000d6a00000)
 ParOldGen       total 78336K, used 68956K [0x0000000080000000, 0x0000000084c80000, 0x00000000d5580000)
  object space 78336K, 88% used [0x0000000080000000,0x0000000084357258,0x0000000084c80000)
 Metaspace       used 61584K, committed 63104K, reserved 1114112K
  class space    used 6594K, committed 7232K, reserved 1048576K
}
Event: 26.073 GC heap after
{Heap after GC invocations=86 (full 3):
 PSYoungGen      total 19968K, used 1379K [0x00000000d5580000, 0x00000000d6b80000, 0x0000000100000000)
  eden space 18432K, 0% used [0x00000000d5580000,0x00000000d5580000,0x00000000d6780000)
  from space 1536K, 89% used [0x00000000d6780000,0x00000000d68d8e58,0x00000000d6900000)
  to   space 2048K, 0% used [0x00000000d6980000,0x00000000d6980000,0x00000000d6b80000)
 ParOldGen       total 78336K, used 69955K [0x0000000080000000, 0x0000000084c80000, 0x00000000d5580000)
  object space 78336K, 89% used [0x0000000080000000,0x0000000084450f50,0x0000000084c80000)
 Metaspace       used 61584K, committed 63104K, reserved 1114112K
  class space    used 6594K, committed 7232K, reserved 1048576K
}
Event: 26.554 GC heap before
{Heap before GC invocations=87 (full 3):
 PSYoungGen      total 19968K, used 19780K [0x00000000d5580000, 0x00000000d6b80000, 0x0000000100000000)
  eden space 18432K, 99% used [0x00000000d5580000,0x00000000d6778440,0x00000000d6780000)
  from space 1536K, 89% used [0x00000000d6780000,0x00000000d68d8e58,0x00000000d6900000)
  to   space 2048K, 0% used [0x00000000d6980000,0x00000000d6980000,0x00000000d6b80000)
 ParOldGen       total 78336K, used 69955K [0x0000000080000000, 0x0000000084c80000, 0x00000000d5580000)
  object space 78336K, 89% used [0x0000000080000000,0x0000000084450f50,0x0000000084c80000)
 Metaspace       used 62670K, committed 64128K, reserved 1114112K
  class space    used 6684K, committed 7296K, reserved 1048576K
}
Event: 26.558 GC heap after
{Heap after GC invocations=87 (full 3):
 PSYoungGen      total 20480K, used 1868K [0x00000000d5580000, 0x00000000d6b80000, 0x0000000100000000)
  eden space 18432K, 0% used [0x00000000d5580000,0x00000000d5580000,0x00000000d6780000)
  from space 2048K, 91% used [0x00000000d6980000,0x00000000d6b53120,0x00000000d6b80000)
  to   space 2048K, 0% used [0x00000000d6780000,0x00000000d6780000,0x00000000d6980000)
 ParOldGen       total 78336K, used 71192K [0x0000000080000000, 0x0000000084c80000, 0x00000000d5580000)
  object space 78336K, 90% used [0x0000000080000000,0x00000000845863d8,0x0000000084c80000)
 Metaspace       used 62670K, committed 64128K, reserved 1114112K
  class space    used 6684K, committed 7296K, reserved 1048576K
}
Event: 31.279 GC heap before
{Heap before GC invocations=88 (full 3):
 PSYoungGen      total 20480K, used 20300K [0x00000000d5580000, 0x00000000d6b80000, 0x0000000100000000)
  eden space 18432K, 100% used [0x00000000d5580000,0x00000000d6780000,0x00000000d6780000)
  from space 2048K, 91% used [0x00000000d6980000,0x00000000d6b53120,0x00000000d6b80000)
  to   space 2048K, 0% used [0x00000000d6780000,0x00000000d6780000,0x00000000d6980000)
 ParOldGen       total 78336K, used 71192K [0x0000000080000000, 0x0000000084c80000, 0x00000000d5580000)
  object space 78336K, 90% used [0x0000000080000000,0x00000000845863d8,0x0000000084c80000)
 Metaspace       used 63319K, committed 64832K, reserved 1114112K
  class space    used 6760K, committed 7424K, reserved 1048576K
}
Event: 31.282 GC heap after
{Heap after GC invocations=88 (full 3):
 PSYoungGen      total 20480K, used 2017K [0x00000000d5580000, 0x00000000d6c80000, 0x0000000100000000)
  eden space 18432K, 0% used [0x00000000d5580000,0x00000000d5580000,0x00000000d6780000)
  from space 2048K, 98% used [0x00000000d6780000,0x00000000d6978538,0x00000000d6980000)
  to   space 2560K, 0% used [0x00000000d6a00000,0x00000000d6a00000,0x00000000d6c80000)
 ParOldGen       total 78336K, used 72065K [0x0000000080000000, 0x0000000084c80000, 0x00000000d5580000)
  object space 78336K, 91% used [0x0000000080000000,0x0000000084660790,0x0000000084c80000)
 Metaspace       used 63319K, committed 64832K, reserved 1114112K
  class space    used 6760K, committed 7424K, reserved 1048576K
}
Event: 33.348 GC heap before
{Heap before GC invocations=89 (full 3):
 PSYoungGen      total 20480K, used 20449K [0x00000000d5580000, 0x00000000d6c80000, 0x0000000100000000)
  eden space 18432K, 100% used [0x00000000d5580000,0x00000000d6780000,0x00000000d6780000)
  from space 2048K, 98% used [0x00000000d6780000,0x00000000d6978538,0x00000000d6980000)
  to   space 2560K, 0% used [0x00000000d6a00000,0x00000000d6a00000,0x00000000d6c80000)
 ParOldGen       total 78336K, used 72065K [0x0000000080000000, 0x0000000084c80000, 0x00000000d5580000)
  object space 78336K, 91% used [0x0000000080000000,0x0000000084660790,0x0000000084c80000)
 Metaspace       used 64448K, committed 65984K, reserved 1114112K
  class space    used 6866K, committed 7488K, reserved 1048576K
}
Event: 33.355 GC heap after
{Heap after GC invocations=89 (full 3):
 PSYoungGen      total 14336K, used 2557K [0x00000000d5580000, 0x00000000d7980000, 0x0000000100000000)
  eden space 11776K, 0% used [0x00000000d5580000,0x00000000d5580000,0x00000000d6100000)
  from space 2560K, 99% used [0x00000000d6a00000,0x00000000d6c7f590,0x00000000d6c80000)
  to   space 9216K, 0% used [0x00000000d6100000,0x00000000d6100000,0x00000000d6a00000)
 ParOldGen       total 78336K, used 77541K [0x0000000080000000, 0x0000000084c80000, 0x00000000d5580000)
  object space 78336K, 98% used [0x0000000080000000,0x0000000084bb9438,0x0000000084c80000)
 Metaspace       used 64448K, committed 65984K, reserved 1114112K
  class space    used 6866K, committed 7488K, reserved 1048576K
}
Event: 33.875 GC heap before
{Heap before GC invocations=90 (full 3):
 PSYoungGen      total 14336K, used 14333K [0x00000000d5580000, 0x00000000d7980000, 0x0000000100000000)
  eden space 11776K, 100% used [0x00000000d5580000,0x00000000d6100000,0x00000000d6100000)
  from space 2560K, 99% used [0x00000000d6a00000,0x00000000d6c7f590,0x00000000d6c80000)
  to   space 9216K, 0% used [0x00000000d6100000,0x00000000d6100000,0x00000000d6a00000)
 ParOldGen       total 78336K, used 77541K [0x0000000080000000, 0x0000000084c80000, 0x00000000d5580000)
  object space 78336K, 98% used [0x0000000080000000,0x0000000084bb9438,0x0000000084c80000)
 Metaspace       used 64720K, committed 66240K, reserved 1114112K
  class space    used 6896K, committed 7488K, reserved 1048576K
}
Event: 33.879 GC heap after
{Heap after GC invocations=90 (full 3):
 PSYoungGen      total 15360K, used 3116K [0x00000000d5580000, 0x00000000d6b00000, 0x0000000100000000)
  eden space 11776K, 0% used [0x00000000d5580000,0x00000000d5580000,0x00000000d6100000)
  from space 3584K, 86% used [0x00000000d6100000,0x00000000d640b010,0x00000000d6480000)
  to   space 5120K, 0% used [0x00000000d6600000,0x00000000d6600000,0x00000000d6b00000)
 ParOldGen       total 80384K, used 80127K [0x0000000080000000, 0x0000000084e80000, 0x00000000d5580000)
  object space 80384K, 99% used [0x0000000080000000,0x0000000084e3ff10,0x0000000084e80000)
 Metaspace       used 64720K, committed 66240K, reserved 1114112K
  class space    used 6896K, committed 7488K, reserved 1048576K
}
Event: 34.134 GC heap before
{Heap before GC invocations=91 (full 3):
 PSYoungGen      total 15360K, used 14892K [0x00000000d5580000, 0x00000000d6b00000, 0x0000000100000000)
  eden space 11776K, 100% used [0x00000000d5580000,0x00000000d6100000,0x00000000d6100000)
  from space 3584K, 86% used [0x00000000d6100000,0x00000000d640b010,0x00000000d6480000)
  to   space 5120K, 0% used [0x00000000d6600000,0x00000000d6600000,0x00000000d6b00000)
 ParOldGen       total 80384K, used 80127K [0x0000000080000000, 0x0000000084e80000, 0x00000000d5580000)
  object space 80384K, 99% used [0x0000000080000000,0x0000000084e3ff10,0x0000000084e80000)
 Metaspace       used 64770K, committed 66304K, reserved 1114112K
  class space    used 6902K, committed 7552K, reserved 1048576K
}
Event: 34.139 GC heap after
{Heap after GC invocations=91 (full 3):
 PSYoungGen      total 15872K, used 3621K [0x00000000d5580000, 0x00000000d6a00000, 0x0000000100000000)
  eden space 11776K, 0% used [0x00000000d5580000,0x00000000d5580000,0x00000000d6100000)
  from space 4096K, 88% used [0x00000000d6600000,0x00000000d69895e0,0x00000000d6a00000)
  to   space 4096K, 0% used [0x00000000d6200000,0x00000000d6200000,0x00000000d6600000)
 ParOldGen       total 83456K, used 83098K [0x0000000080000000, 0x0000000085180000, 0x00000000d5580000)
  object space 83456K, 99% used [0x0000000080000000,0x0000000085126bc0,0x0000000085180000)
 Metaspace       used 64770K, committed 66304K, reserved 1114112K
  class space    used 6902K, committed 7552K, reserved 1048576K
}
Event: 34.591 GC heap before
{Heap before GC invocations=92 (full 3):
 PSYoungGen      total 15872K, used 15397K [0x00000000d5580000, 0x00000000d6a00000, 0x0000000100000000)
  eden space 11776K, 100% used [0x00000000d5580000,0x00000000d6100000,0x00000000d6100000)
  from space 4096K, 88% used [0x00000000d6600000,0x00000000d69895e0,0x00000000d6a00000)
  to   space 4096K, 0% used [0x00000000d6200000,0x00000000d6200000,0x00000000d6600000)
 ParOldGen       total 83456K, used 83098K [0x0000000080000000, 0x0000000085180000, 0x00000000d5580000)
  object space 83456K, 99% used [0x0000000080000000,0x0000000085126bc0,0x0000000085180000)
 Metaspace       used 64982K, committed 66560K, reserved 1114112K
  class space    used 6913K, committed 7552K, reserved 1048576K
}
Event: 34.597 GC heap after
{Heap after GC invocations=92 (full 3):
 PSYoungGen      total 14848K, used 2587K [0x00000000d5580000, 0x00000000d6700000, 0x0000000100000000)
  eden space 11776K, 0% used [0x00000000d5580000,0x00000000d5580000,0x00000000d6100000)
  from space 3072K, 84% used [0x00000000d6200000,0x00000000d6486ef8,0x00000000d6500000)
  to   space 2048K, 0% used [0x00000000d6500000,0x00000000d6500000,0x00000000d6700000)
 ParOldGen       total 87040K, used 86557K [0x0000000080000000, 0x0000000085500000, 0x00000000d5580000)
  object space 87040K, 99% used [0x0000000080000000,0x0000000085487780,0x0000000085500000)
 Metaspace       used 64982K, committed 66560K, reserved 1114112K
  class space    used 6913K, committed 7552K, reserved 1048576K
}
Event: 36.032 GC heap before
{Heap before GC invocations=93 (full 3):
 PSYoungGen      total 14848K, used 14363K [0x00000000d5580000, 0x00000000d6700000, 0x0000000100000000)
  eden space 11776K, 100% used [0x00000000d5580000,0x00000000d6100000,0x00000000d6100000)
  from space 3072K, 84% used [0x00000000d6200000,0x00000000d6486ef8,0x00000000d6500000)
  to   space 2048K, 0% used [0x00000000d6500000,0x00000000d6500000,0x00000000d6700000)
 ParOldGen       total 87040K, used 86557K [0x0000000080000000, 0x0000000085500000, 0x00000000d5580000)
  object space 87040K, 99% used [0x0000000080000000,0x0000000085487780,0x0000000085500000)
 Metaspace       used 65405K, committed 66944K, reserved 1114112K
  class space    used 6935K, committed 7552K, reserved 1048576K
}
Event: 36.035 GC heap after
{Heap after GC invocations=93 (full 3):
 PSYoungGen      total 13312K, used 1440K [0x00000000d5580000, 0x00000000d6680000, 0x0000000100000000)
  eden space 11776K, 0% used [0x00000000d5580000,0x00000000d5580000,0x00000000d6100000)
  from space 1536K, 93% used [0x00000000d6500000,0x00000000d6668000,0x00000000d6680000)
  to   space 2048K, 0% used [0x00000000d6280000,0x00000000d6280000,0x00000000d6480000)
 ParOldGen       total 89088K, used 88992K [0x0000000080000000, 0x0000000085700000, 0x00000000d5580000)
  object space 89088K, 99% used [0x0000000080000000,0x00000000856e8130,0x0000000085700000)
 Metaspace       used 65405K, committed 66944K, reserved 1114112K
  class space    used 6935K, committed 7552K, reserved 1048576K
}

