# JRE version: OpenJDK Runtime Environment Temurin-21.0.10+7 (21.0.10+7) (build 21.0.10+7-LTS)
# Java VM: OpenJDK 64-Bit Server VM Temurin-21.0.10+7 (21.0.10+7-LTS, mixed mode, sharing, tiered, compressed oops, compressed class ptrs, parallel gc, windows-amd64)
GC Precious Log:
 CardTable entry size: 512
 CPUs: 12 total, 12 available
 Memory: 16076M
 Large Page Support: Disabled
 NUMA Support: Disabled
 Compressed Oops: Enabled (32-bit)
 Alignments: Space 512K, Generation 512K, Heap 2M
 Heap Min Capacity: 100M
 Heap Initial Capacity: 100M
 Heap Max Capacity: 2G
 Pre-touch: Disabled
 Parallel Workers: 10
Heap:
 PSYoungGen      total 15872K, used 14719K [0x00000000d5580000, 0x00000000d6680000, 0x0000000100000000)
  eden space 14336K, 99% used [0x00000000d5580000,0x00000000d637fee8,0x00000000d6380000)
  from space 1536K, 25% used [0x00000000d6400000,0x00000000d6460000,0x00000000d6580000)
  to   space 1024K, 0% used [0x00000000d6580000,0x00000000d6580000,0x00000000d6680000)
 ParOldGen       total 105984K, used 105731K [0x0000000080000000, 0x0000000086780000, 0x00000000d5580000)
  object space 105984K, 99% used [0x0000000080000000,0x0000000086740e90,0x0000000086780000)
 Metaspace       used 66806K, committed 68416K, reserved 1114112K
  class space    used 7108K, committed 7808K, reserved 1048576K
GC Heap History (20 events):
Event: 17.178 GC heap before
{Heap before GC invocations=145 (full 3):
 PSYoungGen      total 19456K, used 19360K [0x00000000d5580000, 0x00000000d6a00000, 0x0000000100000000)
  eden space 17920K, 100% used [0x00000000d5580000,0x00000000d6700000,0x00000000d6700000)
  from space 1536K, 93% used [0x00000000d6700000,0x00000000d6868000,0x00000000d6880000)
  to   space 1536K, 0% used [0x00000000d6880000,0x00000000d6880000,0x00000000d6a00000)
 ParOldGen       total 89088K, used 88922K [0x0000000080000000, 0x0000000085700000, 0x00000000d5580000)
  object space 89088K, 99% used [0x0000000080000000,0x00000000856d6b50,0x0000000085700000)
 Metaspace       used 60928K, committed 62400K, reserved 1114112K
  class space    used 6538K, committed 7232K, reserved 1048576K
}
Event: 17.182 GC heap after
{Heap after GC invocations=145 (full 3):
 PSYoungGen      total 17920K, used 1536K [0x00000000d5580000, 0x00000000d6d00000, 0x0000000100000000)
  eden space 16384K, 0% used [0x00000000d5580000,0x00000000d5580000,0x00000000d6580000)
  from space 1536K, 100% used [0x00000000d6880000,0x00000000d6a00000,0x00000000d6a00000)
  to   space 3072K, 0% used [0x00000000d6580000,0x00000000d6580000,0x00000000d6880000)
 ParOldGen       total 90112K, used 89842K [0x0000000080000000, 0x0000000085800000, 0x00000000d5580000)
  object space 90112K, 99% used [0x0000000080000000,0x00000000857bcb60,0x0000000085800000)
 Metaspace       used 60928K, committed 62400K, reserved 1114112K
  class space    used 6538K, committed 7232K, reserved 1048576K
}
Event: 17.251 GC heap before
{Heap before GC invocations=146 (full 3):
 PSYoungGen      total 17920K, used 17920K [0x00000000d5580000, 0x00000000d6d00000, 0x0000000100000000)
  eden space 16384K, 100% used [0x00000000d5580000,0x00000000d6580000,0x00000000d6580000)
  from space 1536K, 100% used [0x00000000d6880000,0x00000000d6a00000,0x00000000d6a00000)
  to   space 3072K, 0% used [0x00000000d6580000,0x00000000d6580000,0x00000000d6880000)
 ParOldGen       total 90112K, used 89842K [0x0000000080000000, 0x0000000085800000, 0x00000000d5580000)
  object space 90112K, 99% used [0x0000000080000000,0x00000000857bcb60,0x0000000085800000)
 Metaspace       used 61050K, committed 62528K, reserved 1114112K
  class space    used 6548K, committed 7232K, reserved 1048576K
}
Event: 17.255 GC heap after
{Heap after GC invocations=146 (full 3):
 PSYoungGen      total 17920K, used 1185K [0x00000000d5580000, 0x00000000d6980000, 0x0000000100000000)
  eden space 16384K, 0% used [0x00000000d5580000,0x00000000d5580000,0x00000000d6580000)
  from space 1536K, 77% used [0x00000000d6580000,0x00000000d66a85c8,0x00000000d6700000)
  to   space 2048K, 0% used [0x00000000d6780000,0x00000000d6780000,0x00000000d6980000)
 ParOldGen       total 91136K, used 90803K [0x0000000080000000, 0x0000000085900000, 0x00000000d5580000)
  object space 91136K, 99% used [0x0000000080000000,0x00000000858acff0,0x0000000085900000)
 Metaspace       used 61050K, committed 62528K, reserved 1114112K
  class space    used 6548K, committed 7232K, reserved 1048576K
}
Event: 17.561 GC heap before
{Heap before GC invocations=147 (full 3):
 PSYoungGen      total 17920K, used 17569K [0x00000000d5580000, 0x00000000d6980000, 0x0000000100000000)
  eden space 16384K, 100% used [0x00000000d5580000,0x00000000d6580000,0x00000000d6580000)
  from space 1536K, 77% used [0x00000000d6580000,0x00000000d66a85c8,0x00000000d6700000)
  to   space 2048K, 0% used [0x00000000d6780000,0x00000000d6780000,0x00000000d6980000)
 ParOldGen       total 91136K, used 90803K [0x0000000080000000, 0x0000000085900000, 0x00000000d5580000)
  object space 91136K, 99% used [0x0000000080000000,0x00000000858acff0,0x0000000085900000)
 Metaspace       used 62049K, committed 63616K, reserved 1114112K
  class space    used 6686K, committed 7360K, reserved 1048576K
}
Event: 17.566 GC heap after
{Heap after GC invocations=147 (full 3):
 PSYoungGen      total 18432K, used 1827K [0x00000000d5580000, 0x00000000d6980000, 0x0000000100000000)
  eden space 16384K, 0% used [0x00000000d5580000,0x00000000d5580000,0x00000000d6580000)
  from space 2048K, 89% used [0x00000000d6780000,0x00000000d6948fc8,0x00000000d6980000)
  to   space 2048K, 0% used [0x00000000d6580000,0x00000000d6580000,0x00000000d6780000)
 ParOldGen       total 92160K, used 91920K [0x0000000080000000, 0x0000000085a00000, 0x00000000d5580000)
  object space 92160K, 99% used [0x0000000080000000,0x00000000859c40b8,0x0000000085a00000)
 Metaspace       used 62049K, committed 63616K, reserved 1114112K
  class space    used 6686K, committed 7360K, reserved 1048576K
}
Event: 17.790 GC heap before
{Heap before GC invocations=148 (full 3):
 PSYoungGen      total 18432K, used 18202K [0x00000000d5580000, 0x00000000d6980000, 0x0000000100000000)
  eden space 16384K, 99% used [0x00000000d5580000,0x00000000d657db68,0x00000000d6580000)
  from space 2048K, 89% used [0x00000000d6780000,0x00000000d6948fc8,0x00000000d6980000)
  to   space 2048K, 0% used [0x00000000d6580000,0x00000000d6580000,0x00000000d6780000)
 ParOldGen       total 92160K, used 91920K [0x0000000080000000, 0x0000000085a00000, 0x00000000d5580000)
  object space 92160K, 99% used [0x0000000080000000,0x00000000859c40b8,0x0000000085a00000)
 Metaspace       used 63679K, committed 65216K, reserved 1114112K
  class space    used 6836K, committed 7488K, reserved 1048576K
}
Event: 17.794 GC heap after
{Heap after GC invocations=148 (full 3):
 PSYoungGen      total 18432K, used 1626K [0x00000000d5580000, 0x00000000d6980000, 0x0000000100000000)
  eden space 16384K, 0% used [0x00000000d5580000,0x00000000d5580000,0x00000000d6580000)
  from space 2048K, 79% used [0x00000000d6580000,0x00000000d6716820,0x00000000d6780000)
  to   space 2048K, 0% used [0x00000000d6780000,0x00000000d6780000,0x00000000d6980000)
 ParOldGen       total 96768K, used 96435K [0x0000000080000000, 0x0000000085e80000, 0x00000000d5580000)
  object space 96768K, 99% used [0x0000000080000000,0x0000000085e2cd48,0x0000000085e80000)
 Metaspace       used 63679K, committed 65216K, reserved 1114112K
  class space    used 6836K, committed 7488K, reserved 1048576K
}
Event: 17.930 GC heap before
{Heap before GC invocations=149 (full 3):
 PSYoungGen      total 18432K, used 18010K [0x00000000d5580000, 0x00000000d6980000, 0x0000000100000000)
  eden space 16384K, 100% used [0x00000000d5580000,0x00000000d6580000,0x00000000d6580000)
  from space 2048K, 79% used [0x00000000d6580000,0x00000000d6716820,0x00000000d6780000)
  to   space 2048K, 0% used [0x00000000d6780000,0x00000000d6780000,0x00000000d6980000)
 ParOldGen       total 96768K, used 96435K [0x0000000080000000, 0x0000000085e80000, 0x00000000d5580000)
  object space 96768K, 99% used [0x0000000080000000,0x0000000085e2cd48,0x0000000085e80000)
 Metaspace       used 64224K, committed 65728K, reserved 1114112K
  class space    used 6888K, committed 7552K, reserved 1048576K
}
Event: 17.935 GC heap after
{Heap after GC invocations=149 (full 3):
 PSYoungGen      total 16384K, used 2039K [0x00000000d5580000, 0x00000000d6d80000, 0x0000000100000000)
  eden space 14336K, 0% used [0x00000000d5580000,0x00000000d5580000,0x00000000d6380000)
  from space 2048K, 99% used [0x00000000d6780000,0x00000000d697dfe0,0x00000000d6980000)
  to   space 4096K, 0% used [0x00000000d6380000,0x00000000d6380000,0x00000000d6780000)
 ParOldGen       total 98304K, used 98114K [0x0000000080000000, 0x0000000086000000, 0x00000000d5580000)
  object space 98304K, 99% used [0x0000000080000000,0x0000000085fd08f0,0x0000000086000000)
 Metaspace       used 64224K, committed 65728K, reserved 1114112K
  class space    used 6888K, committed 7552K, reserved 1048576K
}
Event: 18.123 GC heap before
{Heap before GC invocations=150 (full 3):
 PSYoungGen      total 16384K, used 16375K [0x00000000d5580000, 0x00000000d6d80000, 0x0000000100000000)
  eden space 14336K, 100% used [0x00000000d5580000,0x00000000d6380000,0x00000000d6380000)
  from space 2048K, 99% used [0x00000000d6780000,0x00000000d697dfe0,0x00000000d6980000)
  to   space 4096K, 0% used [0x00000000d6380000,0x00000000d6380000,0x00000000d6780000)
 ParOldGen       total 98304K, used 98114K [0x0000000080000000, 0x0000000086000000, 0x00000000d5580000)
  object space 98304K, 99% used [0x0000000080000000,0x0000000085fd08f0,0x0000000086000000)
 Metaspace       used 64697K, committed 66240K, reserved 1114112K
  class space    used 6918K, committed 7616K, reserved 1048576K
}
Event: 18.128 GC heap after
{Heap after GC invocations=150 (full 3):
 PSYoungGen      total 17920K, used 3223K [0x00000000d5580000, 0x00000000d6a80000, 0x0000000100000000)
  eden space 14336K, 0% used [0x00000000d5580000,0x00000000d5580000,0x00000000d6380000)
  from space 3584K, 89% used [0x00000000d6380000,0x00000000d66a5c48,0x00000000d6700000)
  to   space 3584K, 0% used [0x00000000d6700000,0x00000000d6700000,0x00000000d6a80000)
 ParOldGen       total 99840K, used 99543K [0x0000000080000000, 0x0000000086180000, 0x00000000d5580000)
  object space 99840K, 99% used [0x0000000080000000,0x0000000086135d48,0x0000000086180000)
 Metaspace       used 64697K, committed 66240K, reserved 1114112K
  class space    used 6918K, committed 7616K, reserved 1048576K
}
Event: 18.300 GC heap before
{Heap before GC invocations=151 (full 3):
 PSYoungGen      total 17920K, used 17557K [0x00000000d5580000, 0x00000000d6a80000, 0x0000000100000000)
  eden space 14336K, 99% used [0x00000000d5580000,0x00000000d637fa00,0x00000000d6380000)
  from space 3584K, 89% used [0x00000000d6380000,0x00000000d66a5c48,0x00000000d6700000)
  to   space 3584K, 0% used [0x00000000d6700000,0x00000000d6700000,0x00000000d6a80000)
 ParOldGen       total 99840K, used 99543K [0x0000000080000000, 0x0000000086180000, 0x00000000d5580000)
  object space 99840K, 99% used [0x0000000080000000,0x0000000086135d48,0x0000000086180000)
 Metaspace       used 65316K, committed 66880K, reserved 1114112K
  class space    used 6963K, committed 7616K, reserved 1048576K
}
Event: 18.306 GC heap after
{Heap after GC invocations=151 (full 3):
 PSYoungGen      total 16384K, used 1996K [0x00000000d5580000, 0x00000000d6900000, 0x0000000100000000)
  eden space 14336K, 0% used [0x00000000d5580000,0x00000000d5580000,0x00000000d6380000)
  from space 2048K, 97% used [0x00000000d6700000,0x00000000d68f3140,0x00000000d6900000)
  to   space 2560K, 0% used [0x00000000d6400000,0x00000000d6400000,0x00000000d6680000)
 ParOldGen       total 102400K, used 102137K [0x0000000080000000, 0x0000000086400000, 0x00000000d5580000)
  object space 102400K, 99% used [0x0000000080000000,0x00000000863be710,0x0000000086400000)
 Metaspace       used 65316K, committed 66880K, reserved 1114112K
  class space    used 6963K, committed 7616K, reserved 1048576K
}
Event: 18.496 GC heap before
{Heap before GC invocations=152 (full 3):
 PSYoungGen      total 16384K, used 16332K [0x00000000d5580000, 0x00000000d6900000, 0x0000000100000000)
  eden space 14336K, 100% used [0x00000000d5580000,0x00000000d6380000,0x00000000d6380000)
  from space 2048K, 97% used [0x00000000d6700000,0x00000000d68f3140,0x00000000d6900000)
  to   space 2560K, 0% used [0x00000000d6400000,0x00000000d6400000,0x00000000d6680000)
 ParOldGen       total 102400K, used 102137K [0x0000000080000000, 0x0000000086400000, 0x00000000d5580000)
  object space 102400K, 99% used [0x0000000080000000,0x00000000863be710,0x0000000086400000)
 Metaspace       used 65653K, committed 67200K, reserved 1114112K
  class space    used 6987K, committed 7680K, reserved 1048576K
}
Event: 18.501 GC heap after
{Heap after GC invocations=152 (full 3):
 PSYoungGen      total 16384K, used 1545K [0x00000000d5580000, 0x00000000d6780000, 0x0000000100000000)
  eden space 14336K, 0% used [0x00000000d5580000,0x00000000d5580000,0x00000000d6380000)
  from space 2048K, 75% used [0x00000000d6400000,0x00000000d6582440,0x00000000d6600000)
  to   space 1536K, 0% used [0x00000000d6600000,0x00000000d6600000,0x00000000d6780000)
 ParOldGen       total 103936K, used 103934K [0x0000000080000000, 0x0000000086580000, 0x00000000d5580000)
  object space 103936K, 99% used [0x0000000080000000,0x000000008657f920,0x0000000086580000)
 Metaspace       used 65653K, committed 67200K, reserved 1114112K
  class space    used 6987K, committed 7680K, reserved 1048576K
}
Event: 18.585 GC heap before
{Heap before GC invocations=153 (full 3):
 PSYoungGen      total 16384K, used 15881K [0x00000000d5580000, 0x00000000d6780000, 0x0000000100000000)
  eden space 14336K, 100% used [0x00000000d5580000,0x00000000d6380000,0x00000000d6380000)
  from space 2048K, 75% used [0x00000000d6400000,0x00000000d6582440,0x00000000d6600000)
  to   space 1536K, 0% used [0x00000000d6600000,0x00000000d6600000,0x00000000d6780000)
 ParOldGen       total 103936K, used 103934K [0x0000000080000000, 0x0000000086580000, 0x00000000d5580000)
  object space 103936K, 99% used [0x0000000080000000,0x000000008657f920,0x0000000086580000)
 Metaspace       used 65835K, committed 67392K, reserved 1114112K
  class space    used 6998K, committed 7680K, reserved 1048576K
}
Event: 18.587 GC heap after
{Heap after GC invocations=153 (full 3):
 PSYoungGen      total 15360K, used 700K [0x00000000d5580000, 0x00000000d6700000, 0x0000000100000000)
  eden space 14336K, 0% used [0x00000000d5580000,0x00000000d5580000,0x00000000d6380000)
  from space 1024K, 68% used [0x00000000d6600000,0x00000000d66af140,0x00000000d6700000)
  to   space 1536K, 0% used [0x00000000d6400000,0x00000000d6400000,0x00000000d6580000)
 ParOldGen       total 105472K, used 105307K [0x0000000080000000, 0x0000000086700000, 0x00000000d5580000)
  object space 105472K, 99% used [0x0000000080000000,0x00000000866d6e90,0x0000000086700000)
 Metaspace       used 65835K, committed 67392K, reserved 1114112K
  class space    used 6998K, committed 7680K, reserved 1048576K
}
Event: 18.752 GC heap before
{Heap before GC invocations=154 (full 3):
 PSYoungGen      total 15360K, used 15036K [0x00000000d5580000, 0x00000000d6700000, 0x0000000100000000)
  eden space 14336K, 100% used [0x00000000d5580000,0x00000000d6380000,0x00000000d6380000)
  from space 1024K, 68% used [0x00000000d6600000,0x00000000d66af140,0x00000000d6700000)
  to   space 1536K, 0% used [0x00000000d6400000,0x00000000d6400000,0x00000000d6580000)
 ParOldGen       total 105472K, used 105307K [0x0000000080000000, 0x0000000086700000, 0x00000000d5580000)
  object space 105472K, 99% used [0x0000000080000000,0x00000000866d6e90,0x0000000086700000)
 Metaspace       used 66241K, committed 67840K, reserved 1114112K
  class space    used 7038K, committed 7744K, reserved 1048576K
}
Event: 18.755 GC heap after
{Heap after GC invocations=154 (full 3):
 PSYoungGen      total 15872K, used 384K [0x00000000d5580000, 0x00000000d6680000, 0x0000000100000000)
  eden space 14336K, 0% used [0x00000000d5580000,0x00000000d5580000,0x00000000d6380000)
  from space 1536K, 25% used [0x00000000d6400000,0x00000000d6460000,0x00000000d6580000)
  to   space 1024K, 0% used [0x00000000d6580000,0x00000000d6580000,0x00000000d6680000)
 ParOldGen       total 105984K, used 105731K [0x0000000080000000, 0x0000000086780000, 0x00000000d5580000)
  object space 105984K, 99% used [0x0000000080000000,0x0000000086740e90,0x0000000086780000)
 Metaspace       used 66241K, committed 67840K, reserved 1114112K
  class space    used 7038K, committed 7744K, reserved 1048576K
}

