# JRE version: OpenJDK Runtime Environment Temurin-21.0.10+7 (21.0.10+7) (build 21.0.10+7-LTS)
# Java VM: OpenJDK 64-Bit Server VM Temurin-21.0.10+7 (21.0.10+7-LTS, mixed mode, sharing, tiered, compressed oops, compressed class ptrs, parallel gc, windows-amd64)
GC Precious Log:
 CardTable entry size: 512
 CPUs: 12 total, 12 available
 Memory: 16076M
 Large Page Support: Disabled
 NUMA Support: Disabled
 Compressed Oops: Enabled (32-bit)
 Alignments: Space 512K, Generation 512K, Heap 2M
 Heap Min Capacity: 100M
 Heap Initial Capacity: 100M
 Heap Max Capacity: 2G
 Pre-touch: Disabled
 Parallel Workers: 10
Heap:
 PSYoungGen      total 17408K, used 1157K [0x00000000d5580000, 0x00000000d6d00000, 0x0000000100000000)
  eden space 16896K, 3% used [0x00000000d5580000,0x00000000d56214f8,0x00000000d6600000)
  from space 512K, 100% used [0x00000000d6980000,0x00000000d6a00000,0x00000000d6a00000)
  to   space 3584K, 0% used [0x00000000d6600000,0x00000000d6600000,0x00000000d6980000)
 ParOldGen       total 68608K, used 46841K [0x0000000080000000, 0x0000000084300000, 0x00000000d5580000)
  object space 68608K, 68% used [0x0000000080000000,0x0000000082dbe5d8,0x0000000084300000)
 Metaspace       used 48983K, committed 50368K, reserved 1114112K
  class space    used 5330K, committed 5952K, reserved 1048576K
GC Heap History (20 events):
Event: 10.378 GC heap before
{Heap before GC invocations=20 (full 2):
 PSYoungGen      total 23552K, used 23552K [0x00000000d5580000, 0x00000000d7500000, 0x0000000100000000)
  eden space 22016K, 100% used [0x00000000d5580000,0x00000000d6b00000,0x00000000d6b00000)
  from space 1536K, 100% used [0x00000000d6c80000,0x00000000d6e00000,0x00000000d6e00000)
  to   space 5120K, 0% used [0x00000000d7000000,0x00000000d7000000,0x00000000d7500000)
 ParOldGen       total 68608K, used 24443K [0x0000000080000000, 0x0000000084300000, 0x00000000d5580000)
  object space 68608K, 35% used [0x0000000080000000,0x00000000817decf8,0x0000000084300000)
 Metaspace       used 41292K, committed 42560K, reserved 1114112K
  class space    used 4418K, committed 4992K, reserved 1048576K
}
Event: 10.387 GC heap after
{Heap after GC invocations=20 (full 2):
 PSYoungGen      total 22016K, used 5098K [0x00000000d5580000, 0x00000000d7f00000, 0x0000000100000000)
  eden space 16896K, 0% used [0x00000000d5580000,0x00000000d5580000,0x00000000d6600000)
  from space 5120K, 99% used [0x00000000d7000000,0x00000000d74fa9f0,0x00000000d7500000)
  to   space 10240K, 0% used [0x00000000d6600000,0x00000000d6600000,0x00000000d7000000)
 ParOldGen       total 68608K, used 28275K [0x0000000080000000, 0x0000000084300000, 0x00000000d5580000)
  object space 68608K, 41% used [0x0000000080000000,0x0000000081b9ce60,0x0000000084300000)
 Metaspace       used 41292K, committed 42560K, reserved 1114112K
  class space    used 4418K, committed 4992K, reserved 1048576K
}
Event: 11.427 GC heap before
{Heap before GC invocations=21 (full 2):
 PSYoungGen      total 22016K, used 21994K [0x00000000d5580000, 0x00000000d7f00000, 0x0000000100000000)
  eden space 16896K, 100% used [0x00000000d5580000,0x00000000d6600000,0x00000000d6600000)
  from space 5120K, 99% used [0x00000000d7000000,0x00000000d74fa9f0,0x00000000d7500000)
  to   space 10240K, 0% used [0x00000000d6600000,0x00000000d6600000,0x00000000d7000000)
 ParOldGen       total 68608K, used 28275K [0x0000000080000000, 0x0000000084300000, 0x00000000d5580000)
  object space 68608K, 41% used [0x0000000080000000,0x0000000081b9ce60,0x0000000084300000)
 Metaspace       used 43205K, committed 44544K, reserved 1114112K
  class space    used 4667K, committed 5248K, reserved 1048576K
}
Event: 11.436 GC heap after
{Heap after GC invocations=21 (full 2):
 PSYoungGen      total 18432K, used 1248K [0x00000000d5580000, 0x00000000d7080000, 0x0000000100000000)
  eden space 16896K, 0% used [0x00000000d5580000,0x00000000d5580000,0x00000000d6600000)
  from space 1536K, 81% used [0x00000000d6600000,0x00000000d6738000,0x00000000d6780000)
  to   space 4096K, 0% used [0x00000000d6c80000,0x00000000d6c80000,0x00000000d7080000)
 ParOldGen       total 68608K, used 33379K [0x0000000080000000, 0x0000000084300000, 0x00000000d5580000)
  object space 68608K, 48% used [0x0000000080000000,0x0000000082098d28,0x0000000084300000)
 Metaspace       used 43205K, committed 44544K, reserved 1114112K
  class space    used 4667K, committed 5248K, reserved 1048576K
}
Event: 13.452 GC heap before
{Heap before GC invocations=22 (full 2):
 PSYoungGen      total 18432K, used 18143K [0x00000000d5580000, 0x00000000d7080000, 0x0000000100000000)
  eden space 16896K, 99% used [0x00000000d5580000,0x00000000d65fffc8,0x00000000d6600000)
  from space 1536K, 81% used [0x00000000d6600000,0x00000000d6738000,0x00000000d6780000)
  to   space 4096K, 0% used [0x00000000d6c80000,0x00000000d6c80000,0x00000000d7080000)
 ParOldGen       total 68608K, used 33379K [0x0000000080000000, 0x0000000084300000, 0x00000000d5580000)
  object space 68608K, 48% used [0x0000000080000000,0x0000000082098d28,0x0000000084300000)
 Metaspace       used 45283K, committed 46592K, reserved 1114112K
  class space    used 4935K, committed 5504K, reserved 1048576K
}
Event: 13.457 GC heap after
{Heap after GC invocations=22 (full 2):
 PSYoungGen      total 18432K, used 1179K [0x00000000d5580000, 0x00000000d6e00000, 0x0000000100000000)
  eden space 16896K, 0% used [0x00000000d5580000,0x00000000d5580000,0x00000000d6600000)
  from space 1536K, 76% used [0x00000000d6c80000,0x00000000d6da6e98,0x00000000d6e00000)
  to   space 2048K, 0% used [0x00000000d6a00000,0x00000000d6a00000,0x00000000d6c00000)
 ParOldGen       total 68608K, used 34394K [0x0000000080000000, 0x0000000084300000, 0x00000000d5580000)
  object space 68608K, 50% used [0x0000000080000000,0x0000000082196a48,0x0000000084300000)
 Metaspace       used 45283K, committed 46592K, reserved 1114112K
  class space    used 4935K, committed 5504K, reserved 1048576K
}
Event: 14.915 GC heap before
{Heap before GC invocations=23 (full 2):
 PSYoungGen      total 18432K, used 18075K [0x00000000d5580000, 0x00000000d6e00000, 0x0000000100000000)
  eden space 16896K, 100% used [0x00000000d5580000,0x00000000d6600000,0x00000000d6600000)
  from space 1536K, 76% used [0x00000000d6c80000,0x00000000d6da6e98,0x00000000d6e00000)
  to   space 2048K, 0% used [0x00000000d6a00000,0x00000000d6a00000,0x00000000d6c00000)
 ParOldGen       total 68608K, used 34394K [0x0000000080000000, 0x0000000084300000, 0x00000000d5580000)
  object space 68608K, 50% used [0x0000000080000000,0x0000000082196a48,0x0000000084300000)
 Metaspace       used 46963K, committed 48256K, reserved 1114112K
  class space    used 5124K, committed 5696K, reserved 1048576K
}
Event: 14.920 GC heap after
{Heap after GC invocations=23 (full 2):
 PSYoungGen      total 18432K, used 1168K [0x00000000d5580000, 0x00000000d6d00000, 0x0000000100000000)
  eden space 16896K, 0% used [0x00000000d5580000,0x00000000d5580000,0x00000000d6600000)
  from space 1536K, 76% used [0x00000000d6a00000,0x00000000d6b24020,0x00000000d6b80000)
  to   space 1536K, 0% used [0x00000000d6b80000,0x00000000d6b80000,0x00000000d6d00000)
 ParOldGen       total 68608K, used 35387K [0x0000000080000000, 0x0000000084300000, 0x00000000d5580000)
  object space 68608K, 51% used [0x0000000080000000,0x000000008228ef90,0x0000000084300000)
 Metaspace       used 46963K, committed 48256K, reserved 1114112K
  class space    used 5124K, committed 5696K, reserved 1048576K
}
Event: 20.599 GC heap before
{Heap before GC invocations=24 (full 2):
 PSYoungGen      total 18432K, used 18064K [0x00000000d5580000, 0x00000000d6d00000, 0x0000000100000000)
  eden space 16896K, 100% used [0x00000000d5580000,0x00000000d6600000,0x00000000d6600000)
  from space 1536K, 76% used [0x00000000d6a00000,0x00000000d6b24020,0x00000000d6b80000)
  to   space 1536K, 0% used [0x00000000d6b80000,0x00000000d6b80000,0x00000000d6d00000)
 ParOldGen       total 68608K, used 35387K [0x0000000080000000, 0x0000000084300000, 0x00000000d5580000)
  object space 68608K, 51% used [0x0000000080000000,0x000000008228ef90,0x0000000084300000)
 Metaspace       used 48579K, committed 49984K, reserved 1114112K
  class space    used 5275K, committed 5952K, reserved 1048576K
}
Event: 20.601 GC heap after
{Heap after GC invocations=24 (full 2):
 PSYoungGen      total 18432K, used 1432K [0x00000000d5580000, 0x00000000d6d00000, 0x0000000100000000)
  eden space 16896K, 0% used [0x00000000d5580000,0x00000000d5580000,0x00000000d6600000)
  from space 1536K, 93% used [0x00000000d6b80000,0x00000000d6ce61d8,0x00000000d6d00000)
  to   space 1536K, 0% used [0x00000000d6a00000,0x00000000d6a00000,0x00000000d6b80000)
 ParOldGen       total 68608K, used 36302K [0x0000000080000000, 0x0000000084300000, 0x00000000d5580000)
  object space 68608K, 52% used [0x0000000080000000,0x0000000082373978,0x0000000084300000)
 Metaspace       used 48579K, committed 49984K, reserved 1114112K
  class space    used 5275K, committed 5952K, reserved 1048576K
}
Event: 20.725 GC heap before
{Heap before GC invocations=25 (full 2):
 PSYoungGen      total 18432K, used 18328K [0x00000000d5580000, 0x00000000d6d00000, 0x0000000100000000)
  eden space 16896K, 100% used [0x00000000d5580000,0x00000000d6600000,0x00000000d6600000)
  from space 1536K, 93% used [0x00000000d6b80000,0x00000000d6ce61d8,0x00000000d6d00000)
  to   space 1536K, 0% used [0x00000000d6a00000,0x00000000d6a00000,0x00000000d6b80000)
 ParOldGen       total 68608K, used 36302K [0x0000000080000000, 0x0000000084300000, 0x00000000d5580000)
  object space 68608K, 52% used [0x0000000080000000,0x0000000082373978,0x0000000084300000)
 Metaspace       used 48587K, committed 49984K, reserved 1114112K
  class space    used 5275K, committed 5952K, reserved 1048576K
}
Event: 20.727 GC heap after
{Heap after GC invocations=25 (full 2):
 PSYoungGen      total 18432K, used 1504K [0x00000000d5580000, 0x00000000d6d00000, 0x0000000100000000)
  eden space 16896K, 0% used [0x00000000d5580000,0x00000000d5580000,0x00000000d6600000)
  from space 1536K, 97% used [0x00000000d6a00000,0x00000000d6b78010,0x00000000d6b80000)
  to   space 1536K, 0% used [0x00000000d6b80000,0x00000000d6b80000,0x00000000d6d00000)
 ParOldGen       total 68608K, used 37624K [0x0000000080000000, 0x0000000084300000, 0x00000000d5580000)
  object space 68608K, 54% used [0x0000000080000000,0x00000000824be3c0,0x0000000084300000)
 Metaspace       used 48587K, committed 49984K, reserved 1114112K
  class space    used 5275K, committed 5952K, reserved 1048576K
}
Event: 20.828 GC heap before
{Heap before GC invocations=26 (full 2):
 PSYoungGen      total 18432K, used 18400K [0x00000000d5580000, 0x00000000d6d00000, 0x0000000100000000)
  eden space 16896K, 100% used [0x00000000d5580000,0x00000000d6600000,0x00000000d6600000)
  from space 1536K, 97% used [0x00000000d6a00000,0x00000000d6b78010,0x00000000d6b80000)
  to   space 1536K, 0% used [0x00000000d6b80000,0x00000000d6b80000,0x00000000d6d00000)
 ParOldGen       total 68608K, used 37624K [0x0000000080000000, 0x0000000084300000, 0x00000000d5580000)
  object space 68608K, 54% used [0x0000000080000000,0x00000000824be3c0,0x0000000084300000)
 Metaspace       used 48930K, committed 50304K, reserved 1114112K
  class space    used 5327K, committed 5952K, reserved 1048576K
}
Event: 20.831 GC heap after
{Heap after GC invocations=26 (full 2):
 PSYoungGen      total 18432K, used 1506K [0x00000000d5580000, 0x00000000d6d00000, 0x0000000100000000)
  eden space 16896K, 0% used [0x00000000d5580000,0x00000000d5580000,0x00000000d6600000)
  from space 1536K, 98% used [0x00000000d6b80000,0x00000000d6cf8810,0x00000000d6d00000)
  to   space 3584K, 0% used [0x00000000d6600000,0x00000000d6600000,0x00000000d6980000)
 ParOldGen       total 68608K, used 39440K [0x0000000080000000, 0x0000000084300000, 0x00000000d5580000)
  object space 68608K, 57% used [0x0000000080000000,0x00000000826843d0,0x0000000084300000)
 Metaspace       used 48930K, committed 50304K, reserved 1114112K
  class space    used 5327K, committed 5952K, reserved 1048576K
}
Event: 20.878 GC heap before
{Heap before GC invocations=27 (full 2):
 PSYoungGen      total 18432K, used 18402K [0x00000000d5580000, 0x00000000d6d00000, 0x0000000100000000)
  eden space 16896K, 100% used [0x00000000d5580000,0x00000000d6600000,0x00000000d6600000)
  from space 1536K, 98% used [0x00000000d6b80000,0x00000000d6cf8810,0x00000000d6d00000)
  to   space 3584K, 0% used [0x00000000d6600000,0x00000000d6600000,0x00000000d6980000)
 ParOldGen       total 68608K, used 39440K [0x0000000080000000, 0x0000000084300000, 0x00000000d5580000)
  object space 68608K, 57% used [0x0000000080000000,0x00000000826843d0,0x0000000084300000)
 Metaspace       used 48933K, committed 50304K, reserved 1114112K
  class space    used 5327K, committed 5952K, reserved 1048576K
}
Event: 20.881 GC heap after
{Heap after GC invocations=27 (full 2):
 PSYoungGen      total 20480K, used 1760K [0x00000000d5580000, 0x00000000d6c00000, 0x0000000100000000)
  eden space 16896K, 0% used [0x00000000d5580000,0x00000000d5580000,0x00000000d6600000)
  from space 3584K, 49% used [0x00000000d6600000,0x00000000d67b8010,0x00000000d6980000)
  to   space 2560K, 0% used [0x00000000d6980000,0x00000000d6980000,0x00000000d6c00000)
 ParOldGen       total 68608K, used 40957K [0x0000000080000000, 0x0000000084300000, 0x00000000d5580000)
  object space 68608K, 59% used [0x0000000080000000,0x00000000827ff590,0x0000000084300000)
 Metaspace       used 48933K, committed 50304K, reserved 1114112K
  class space    used 5327K, committed 5952K, reserved 1048576K
}
Event: 20.929 GC heap before
{Heap before GC invocations=28 (full 2):
 PSYoungGen      total 20480K, used 18656K [0x00000000d5580000, 0x00000000d6c00000, 0x0000000100000000)
  eden space 16896K, 100% used [0x00000000d5580000,0x00000000d6600000,0x00000000d6600000)
  from space 3584K, 49% used [0x00000000d6600000,0x00000000d67b8010,0x00000000d6980000)
  to   space 2560K, 0% used [0x00000000d6980000,0x00000000d6980000,0x00000000d6c00000)
 ParOldGen       total 68608K, used 40957K [0x0000000080000000, 0x0000000084300000, 0x00000000d5580000)
  object space 68608K, 59% used [0x0000000080000000,0x00000000827ff590,0x0000000084300000)
 Metaspace       used 48953K, committed 50368K, reserved 1114112K
  class space    used 5327K, committed 5952K, reserved 1048576K
}
Event: 20.931 GC heap after
{Heap after GC invocations=28 (full 2):
 PSYoungGen      total 18944K, used 1728K [0x00000000d5580000, 0x00000000d6b80000, 0x0000000100000000)
  eden space 16896K, 0% used [0x00000000d5580000,0x00000000d5580000,0x00000000d6600000)
  from space 2048K, 84% used [0x00000000d6980000,0x00000000d6b30000,0x00000000d6b80000)
  to   space 2048K, 0% used [0x00000000d6780000,0x00000000d6780000,0x00000000d6980000)
 ParOldGen       total 68608K, used 42533K [0x0000000080000000, 0x0000000084300000, 0x00000000d5580000)
  object space 68608K, 61% used [0x0000000080000000,0x00000000829895a0,0x0000000084300000)
 Metaspace       used 48953K, committed 50368K, reserved 1114112K
  class space    used 5327K, committed 5952K, reserved 1048576K
}
Event: 20.951 GC heap before
{Heap before GC invocations=29 (full 2):
 PSYoungGen      total 18944K, used 18624K [0x00000000d5580000, 0x00000000d6b80000, 0x0000000100000000)
  eden space 16896K, 100% used [0x00000000d5580000,0x00000000d6600000,0x00000000d6600000)
  from space 2048K, 84% used [0x00000000d6980000,0x00000000d6b30000,0x00000000d6b80000)
  to   space 2048K, 0% used [0x00000000d6780000,0x00000000d6780000,0x00000000d6980000)
 ParOldGen       total 68608K, used 42533K [0x0000000080000000, 0x0000000084300000, 0x00000000d5580000)
  object space 68608K, 61% used [0x0000000080000000,0x00000000829895a0,0x0000000084300000)
 Metaspace       used 48954K, committed 50368K, reserved 1114112K
  class space    used 5327K, committed 5952K, reserved 1048576K
}
Event: 20.953 GC heap after
{Heap after GC invocations=29 (full 2):
 PSYoungGen      total 18944K, used 1700K [0x00000000d5580000, 0x00000000d6a00000, 0x0000000100000000)
  eden space 16896K, 0% used [0x00000000d5580000,0x00000000d5580000,0x00000000d6600000)
  from space 2048K, 83% used [0x00000000d6780000,0x00000000d6929000,0x00000000d6980000)
  to   space 512K, 0% used [0x00000000d6980000,0x00000000d6980000,0x00000000d6a00000)
 ParOldGen       total 68608K, used 44136K [0x0000000080000000, 0x0000000084300000, 0x00000000d5580000)
  object space 68608K, 64% used [0x0000000080000000,0x0000000082b1a050,0x0000000084300000)
 Metaspace       used 48954K, committed 50368K, reserved 1114112K
  class space    used 5327K, committed 5952K, reserved 1048576K
}

