# JRE version: OpenJDK Runtime Environment Temurin-21.0.10+7 (21.0.10+7) (build 21.0.10+7-LTS)
# Java VM: OpenJDK 64-Bit Server VM Temurin-21.0.10+7 (21.0.10+7-LTS, mixed mode, sharing, tiered, compressed oops, compressed class ptrs, parallel gc, windows-amd64)
GC Precious Log:
 CardTable entry size: 512
 CPUs: 12 total, 12 available
 Memory: 16076M
 Large Page Support: Disabled
 NUMA Support: Disabled
 Compressed Oops: Enabled (32-bit)
 Alignments: Space 512K, Generation 512K, Heap 2M
 Heap Min Capacity: 100M
 Heap Initial Capacity: 100M
 Heap Max Capacity: 2G
 Pre-touch: Disabled
 Parallel Workers: 10
Heap:
 PSYoungGen      total 18432K, used 17020K [0x00000000d5580000, 0x00000000d6c00000, 0x0000000100000000)
  eden space 16896K, 91% used [0x00000000d5580000,0x00000000d649f2f8,0x00000000d6600000)
  from space 1536K, 100% used [0x00000000d6a80000,0x00000000d6c00000,0x00000000d6c00000)
  to   space 3072K, 0% used [0x00000000d6600000,0x00000000d6600000,0x00000000d6900000)
 ParOldGen       total 72192K, used 63018K [0x0000000080000000, 0x0000000084680000, 0x00000000d5580000)
  object space 72192K, 87% used [0x0000000080000000,0x0000000083d8aad8,0x0000000084680000)
 Metaspace       used 60257K, committed 61696K, reserved 1114112K
  class space    used 6290K, committed 6912K, reserved 1048576K
GC Heap History (20 events):
Event: 26.954 GC heap before
{Heap before GC invocations=34 (full 2):
 PSYoungGen      total 18432K, used 18244K [0x00000000d5580000, 0x00000000d7100000, 0x0000000100000000)
  eden space 16896K, 99% used [0x00000000d5580000,0x00000000d65e2b80,0x00000000d6600000)
  from space 1536K, 95% used [0x00000000d6e00000,0x00000000d6f6e848,0x00000000d6f80000)
  to   space 1536K, 0% used [0x00000000d6f80000,0x00000000d6f80000,0x00000000d7100000)
 ParOldGen       total 68608K, used 58724K [0x0000000080000000, 0x0000000084300000, 0x00000000d5580000)
  object space 68608K, 85% used [0x0000000080000000,0x0000000083959218,0x0000000084300000)
 Metaspace       used 52281K, committed 53696K, reserved 1114112K
  class space    used 5635K, committed 6272K, reserved 1048576K
}
Event: 26.957 GC heap after
{Heap after GC invocations=34 (full 2):
 PSYoungGen      total 17920K, used 861K [0x00000000d5580000, 0x00000000d7080000, 0x0000000100000000)
  eden space 16896K, 0% used [0x00000000d5580000,0x00000000d5580000,0x00000000d6600000)
  from space 1024K, 84% used [0x00000000d6f80000,0x00000000d7057458,0x00000000d7080000)
  to   space 1536K, 0% used [0x00000000d6d80000,0x00000000d6d80000,0x00000000d6f00000)
 ParOldGen       total 68608K, used 59376K [0x0000000080000000, 0x0000000084300000, 0x00000000d5580000)
  object space 68608K, 86% used [0x0000000080000000,0x00000000839fc390,0x0000000084300000)
 Metaspace       used 52281K, committed 53696K, reserved 1114112K
  class space    used 5635K, committed 6272K, reserved 1048576K
}
Event: 28.372 GC heap before
{Heap before GC invocations=35 (full 2):
 PSYoungGen      total 17920K, used 17757K [0x00000000d5580000, 0x00000000d7080000, 0x0000000100000000)
  eden space 16896K, 100% used [0x00000000d5580000,0x00000000d6600000,0x00000000d6600000)
  from space 1024K, 84% used [0x00000000d6f80000,0x00000000d7057458,0x00000000d7080000)
  to   space 1536K, 0% used [0x00000000d6d80000,0x00000000d6d80000,0x00000000d6f00000)
 ParOldGen       total 68608K, used 59376K [0x0000000080000000, 0x0000000084300000, 0x00000000d5580000)
  object space 68608K, 86% used [0x0000000080000000,0x00000000839fc390,0x0000000084300000)
 Metaspace       used 53644K, committed 55040K, reserved 1114112K
  class space    used 5786K, committed 6400K, reserved 1048576K
}
Event: 28.373 GC heap after
{Heap after GC invocations=35 (full 2):
 PSYoungGen      total 18432K, used 288K [0x00000000d5580000, 0x00000000d7000000, 0x0000000100000000)
  eden space 16896K, 0% used [0x00000000d5580000,0x00000000d5580000,0x00000000d6600000)
  from space 1536K, 18% used [0x00000000d6d80000,0x00000000d6dc8000,0x00000000d6f00000)
  to   space 1024K, 0% used [0x00000000d6f00000,0x00000000d6f00000,0x00000000d7000000)
 ParOldGen       total 68608K, used 59408K [0x0000000080000000, 0x0000000084300000, 0x00000000d5580000)
  object space 68608K, 86% used [0x0000000080000000,0x0000000083a04390,0x0000000084300000)
 Metaspace       used 53644K, committed 55040K, reserved 1114112K
  class space    used 5786K, committed 6400K, reserved 1048576K
}
Event: 29.869 GC heap before
{Heap before GC invocations=36 (full 2):
 PSYoungGen      total 18432K, used 17184K [0x00000000d5580000, 0x00000000d7000000, 0x0000000100000000)
  eden space 16896K, 100% used [0x00000000d5580000,0x00000000d6600000,0x00000000d6600000)
  from space 1536K, 18% used [0x00000000d6d80000,0x00000000d6dc8000,0x00000000d6f00000)
  to   space 1024K, 0% used [0x00000000d6f00000,0x00000000d6f00000,0x00000000d7000000)
 ParOldGen       total 68608K, used 59408K [0x0000000080000000, 0x0000000084300000, 0x00000000d5580000)
  object space 68608K, 86% used [0x0000000080000000,0x0000000083a04390,0x0000000084300000)
 Metaspace       used 54478K, committed 55872K, reserved 1114112K
  class space    used 5874K, committed 6464K, reserved 1048576K
}
Event: 29.872 GC heap after
{Heap after GC invocations=36 (full 2):
 PSYoungGen      total 17920K, used 544K [0x00000000d5580000, 0x00000000d7000000, 0x0000000100000000)
  eden space 16896K, 0% used [0x00000000d5580000,0x00000000d5580000,0x00000000d6600000)
  from space 1024K, 53% used [0x00000000d6f00000,0x00000000d6f88010,0x00000000d7000000)
  to   space 1024K, 0% used [0x00000000d6e00000,0x00000000d6e00000,0x00000000d6f00000)
 ParOldGen       total 68608K, used 59568K [0x0000000080000000, 0x0000000084300000, 0x00000000d5580000)
  object space 68608K, 86% used [0x0000000080000000,0x0000000083a2c390,0x0000000084300000)
 Metaspace       used 54478K, committed 55872K, reserved 1114112K
  class space    used 5874K, committed 6464K, reserved 1048576K
}
Event: 30.917 GC heap before
{Heap before GC invocations=37 (full 2):
 PSYoungGen      total 17920K, used 17440K [0x00000000d5580000, 0x00000000d7000000, 0x0000000100000000)
  eden space 16896K, 100% used [0x00000000d5580000,0x00000000d6600000,0x00000000d6600000)
  from space 1024K, 53% used [0x00000000d6f00000,0x00000000d6f88010,0x00000000d7000000)
  to   space 1024K, 0% used [0x00000000d6e00000,0x00000000d6e00000,0x00000000d6f00000)
 ParOldGen       total 68608K, used 59568K [0x0000000080000000, 0x0000000084300000, 0x00000000d5580000)
  object space 68608K, 86% used [0x0000000080000000,0x0000000083a2c390,0x0000000084300000)
 Metaspace       used 55074K, committed 56448K, reserved 1114112K
  class space    used 5925K, committed 6528K, reserved 1048576K
}
Event: 30.921 GC heap after
{Heap after GC invocations=37 (full 2):
 PSYoungGen      total 17920K, used 1010K [0x00000000d5580000, 0x00000000d6f80000, 0x0000000100000000)
  eden space 16896K, 0% used [0x00000000d5580000,0x00000000d5580000,0x00000000d6600000)
  from space 1024K, 98% used [0x00000000d6e00000,0x00000000d6efc8e8,0x00000000d6f00000)
  to   space 512K, 0% used [0x00000000d6f00000,0x00000000d6f00000,0x00000000d6f80000)
 ParOldGen       total 68608K, used 62425K [0x0000000080000000, 0x0000000084300000, 0x00000000d5580000)
  object space 68608K, 90% used [0x0000000080000000,0x0000000083cf65a8,0x0000000084300000)
 Metaspace       used 55074K, committed 56448K, reserved 1114112K
  class space    used 5925K, committed 6528K, reserved 1048576K
}
Event: 32.186 GC heap before
{Heap before GC invocations=38 (full 2):
 PSYoungGen      total 17920K, used 17906K [0x00000000d5580000, 0x00000000d6f80000, 0x0000000100000000)
  eden space 16896K, 100% used [0x00000000d5580000,0x00000000d6600000,0x00000000d6600000)
  from space 1024K, 98% used [0x00000000d6e00000,0x00000000d6efc8e8,0x00000000d6f00000)
  to   space 512K, 0% used [0x00000000d6f00000,0x00000000d6f00000,0x00000000d6f80000)
 ParOldGen       total 68608K, used 62425K [0x0000000080000000, 0x0000000084300000, 0x00000000d5580000)
  object space 68608K, 90% used [0x0000000080000000,0x0000000083cf65a8,0x0000000084300000)
 Metaspace       used 56054K, committed 57408K, reserved 1114112K
  class space    used 5973K, committed 6592K, reserved 1048576K
}
Event: 32.198 GC heap after
{Heap after GC invocations=38 (full 2):
 PSYoungGen      total 17408K, used 511K [0x00000000d5580000, 0x00000000d7100000, 0x0000000100000000)
  eden space 16896K, 0% used [0x00000000d5580000,0x00000000d5580000,0x00000000d6600000)
  from space 512K, 99% used [0x00000000d6f00000,0x00000000d6f7ff38,0x00000000d6f80000)
  to   space 5632K, 0% used [0x00000000d6600000,0x00000000d6600000,0x00000000d6b80000)
 ParOldGen       total 68608K, used 67100K [0x0000000080000000, 0x0000000084300000, 0x00000000d5580000)
  object space 68608K, 97% used [0x0000000080000000,0x00000000841871a0,0x0000000084300000)
 Metaspace       used 56054K, committed 57408K, reserved 1114112K
  class space    used 5973K, committed 6592K, reserved 1048576K
}
Event: 34.625 GC heap before
{Heap before GC invocations=39 (full 2):
 PSYoungGen      total 17408K, used 17407K [0x00000000d5580000, 0x00000000d7100000, 0x0000000100000000)
  eden space 16896K, 100% used [0x00000000d5580000,0x00000000d6600000,0x00000000d6600000)
  from space 512K, 99% used [0x00000000d6f00000,0x00000000d6f7ff38,0x00000000d6f80000)
  to   space 5632K, 0% used [0x00000000d6600000,0x00000000d6600000,0x00000000d6b80000)
 ParOldGen       total 68608K, used 67100K [0x0000000080000000, 0x0000000084300000, 0x00000000d5580000)
  object space 68608K, 97% used [0x0000000080000000,0x00000000841871a0,0x0000000084300000)
 Metaspace       used 57072K, committed 58496K, reserved 1114112K
  class space    used 6084K, committed 6720K, reserved 1048576K
}
Event: 34.631 GC heap after
{Heap after GC invocations=39 (full 2):
 PSYoungGen      total 22528K, used 2800K [0x00000000d5580000, 0x00000000d6f80000, 0x0000000100000000)
  eden space 16896K, 0% used [0x00000000d5580000,0x00000000d5580000,0x00000000d6600000)
  from space 5632K, 49% used [0x00000000d6600000,0x00000000d68bc030,0x00000000d6b80000)
  to   space 4096K, 0% used [0x00000000d6b80000,0x00000000d6b80000,0x00000000d6f80000)
 ParOldGen       total 68608K, used 67656K [0x0000000080000000, 0x0000000084300000, 0x00000000d5580000)
  object space 68608K, 98% used [0x0000000080000000,0x00000000842120a0,0x0000000084300000)
 Metaspace       used 57072K, committed 58496K, reserved 1114112K
  class space    used 6084K, committed 6720K, reserved 1048576K
}
Event: 36.262 GC heap before
{Heap before GC invocations=40 (full 2):
 PSYoungGen      total 22528K, used 19696K [0x00000000d5580000, 0x00000000d6f80000, 0x0000000100000000)
  eden space 16896K, 100% used [0x00000000d5580000,0x00000000d6600000,0x00000000d6600000)
  from space 5632K, 49% used [0x00000000d6600000,0x00000000d68bc030,0x00000000d6b80000)
  to   space 4096K, 0% used [0x00000000d6b80000,0x00000000d6b80000,0x00000000d6f80000)
 ParOldGen       total 68608K, used 67656K [0x0000000080000000, 0x0000000084300000, 0x00000000d5580000)
  object space 68608K, 98% used [0x0000000080000000,0x00000000842120a0,0x0000000084300000)
 Metaspace       used 57809K, committed 59136K, reserved 1114112K
  class space    used 6124K, committed 6720K, reserved 1048576K
}
Event: 36.271 GC heap after
{Heap after GC invocations=40 (full 2):
 PSYoungGen      total 18944K, used 1920K [0x00000000d5580000, 0x00000000d6d80000, 0x0000000100000000)
  eden space 16896K, 0% used [0x00000000d5580000,0x00000000d5580000,0x00000000d6600000)
  from space 2048K, 93% used [0x00000000d6b80000,0x00000000d6d60010,0x00000000d6d80000)
  to   space 2560K, 0% used [0x00000000d6880000,0x00000000d6880000,0x00000000d6b00000)
 ParOldGen       total 70656K, used 70248K [0x0000000080000000, 0x0000000084500000, 0x00000000d5580000)
  object space 70656K, 99% used [0x0000000080000000,0x000000008449a198,0x0000000084500000)
 Metaspace       used 57809K, committed 59136K, reserved 1114112K
  class space    used 6124K, committed 6720K, reserved 1048576K
}
Event: 36.643 GC heap before
{Heap before GC invocations=41 (full 2):
 PSYoungGen      total 18944K, used 7010K [0x00000000d5580000, 0x00000000d6d80000, 0x0000000100000000)
  eden space 16896K, 30% used [0x00000000d5580000,0x00000000d5a78be0,0x00000000d6600000)
  from space 2048K, 93% used [0x00000000d6b80000,0x00000000d6d60010,0x00000000d6d80000)
  to   space 2560K, 0% used [0x00000000d6880000,0x00000000d6880000,0x00000000d6b00000)
 ParOldGen       total 70656K, used 70248K [0x0000000080000000, 0x0000000084500000, 0x00000000d5580000)
  object space 70656K, 99% used [0x0000000080000000,0x000000008449a198,0x0000000084500000)
 Metaspace       used 58385K, committed 59776K, reserved 1114112K
  class space    used 6198K, committed 6784K, reserved 1048576K
}
Event: 36.651 GC heap after
{Heap after GC invocations=41 (full 2):
 PSYoungGen      total 17920K, used 672K [0x00000000d5580000, 0x00000000d6c00000, 0x0000000100000000)
  eden space 16896K, 0% used [0x00000000d5580000,0x00000000d5580000,0x00000000d6600000)
  from space 1024K, 65% used [0x00000000d6880000,0x00000000d6928020,0x00000000d6980000)
  to   space 1536K, 0% used [0x00000000d6a80000,0x00000000d6a80000,0x00000000d6c00000)
 ParOldGen       total 72192K, used 71849K [0x0000000080000000, 0x0000000084680000, 0x00000000d5580000)
  object space 72192K, 99% used [0x0000000080000000,0x000000008462a4f0,0x0000000084680000)
 Metaspace       used 58385K, committed 59776K, reserved 1114112K
  class space    used 6198K, committed 6784K, reserved 1048576K
}
Event: 36.651 GC heap before
{Heap before GC invocations=42 (full 3):
 PSYoungGen      total 17920K, used 672K [0x00000000d5580000, 0x00000000d6c00000, 0x0000000100000000)
  eden space 16896K, 0% used [0x00000000d5580000,0x00000000d5580000,0x00000000d6600000)
  from space 1024K, 65% used [0x00000000d6880000,0x00000000d6928020,0x00000000d6980000)
  to   space 1536K, 0% used [0x00000000d6a80000,0x00000000d6a80000,0x00000000d6c00000)
 ParOldGen       total 72192K, used 71849K [0x0000000080000000, 0x0000000084680000, 0x00000000d5580000)
  object space 72192K, 99% used [0x0000000080000000,0x000000008462a4f0,0x0000000084680000)
 Metaspace       used 58385K, committed 59776K, reserved 1114112K
  class space    used 6198K, committed 6784K, reserved 1048576K
}
Event: 36.879 GC heap after
{Heap after GC invocations=42 (full 3):
 PSYoungGen      total 17920K, used 0K [0x00000000d5580000, 0x00000000d6c00000, 0x0000000100000000)
  eden space 16896K, 0% used [0x00000000d5580000,0x00000000d5580000,0x00000000d6600000)
  from space 1024K, 0% used [0x00000000d6880000,0x00000000d6880000,0x00000000d6980000)
  to   space 1536K, 0% used [0x00000000d6a80000,0x00000000d6a80000,0x00000000d6c00000)
 ParOldGen       total 72192K, used 62156K [0x0000000080000000, 0x0000000084680000, 0x00000000d5580000)
  object space 72192K, 86% used [0x0000000080000000,0x0000000083cb31b8,0x0000000084680000)
 Metaspace       used 58385K, committed 59776K, reserved 1114112K
  class space    used 6198K, committed 6784K, reserved 1048576K
}
Event: 39.003 GC heap before
{Heap before GC invocations=43 (full 3):
 PSYoungGen      total 17920K, used 16896K [0x00000000d5580000, 0x00000000d6c00000, 0x0000000100000000)
  eden space 16896K, 100% used [0x00000000d5580000,0x00000000d6600000,0x00000000d6600000)
  from space 1024K, 0% used [0x00000000d6880000,0x00000000d6880000,0x00000000d6980000)
  to   space 1536K, 0% used [0x00000000d6a80000,0x00000000d6a80000,0x00000000d6c00000)
 ParOldGen       total 72192K, used 62156K [0x0000000080000000, 0x0000000084680000, 0x00000000d5580000)
  object space 72192K, 86% used [0x0000000080000000,0x0000000083cb31b8,0x0000000084680000)
 Metaspace       used 59589K, committed 61056K, reserved 1114112K
  class space    used 6263K, committed 6912K, reserved 1048576K
}
Event: 39.010 GC heap after
{Heap after GC invocations=43 (full 3):
 PSYoungGen      total 18432K, used 1536K [0x00000000d5580000, 0x00000000d6c00000, 0x0000000100000000)
  eden space 16896K, 0% used [0x00000000d5580000,0x00000000d5580000,0x00000000d6600000)
  from space 1536K, 100% used [0x00000000d6a80000,0x00000000d6c00000,0x00000000d6c00000)
  to   space 3072K, 0% used [0x00000000d6600000,0x00000000d6600000,0x00000000d6900000)
 ParOldGen       total 72192K, used 63018K [0x0000000080000000, 0x0000000084680000, 0x00000000d5580000)
  object space 72192K, 87% used [0x0000000080000000,0x0000000083d8aad8,0x0000000084680000)
 Metaspace       used 59589K, committed 61056K, reserved 1114112K
  class space    used 6263K, committed 6912K, reserved 1048576K
}

