# JRE version: OpenJDK Runtime Environment Temurin-21.0.10+7 (21.0.10+7) (build 21.0.10+7-LTS)
# Java VM: OpenJDK 64-Bit Server VM Temurin-21.0.10+7 (21.0.10+7-LTS, mixed mode, sharing, tiered, compressed oops, compressed class ptrs, parallel gc, windows-amd64)
GC Precious Log:
 CardTable entry size: 512
 CPUs: 12 total, 12 available
 Memory: 16076M
 Large Page Support: Disabled
 NUMA Support: Disabled
 Compressed Oops: Enabled (32-bit)
 Alignments: Space 512K, Generation 512K, Heap 2M
 Heap Min Capacity: 100M
 Heap Initial Capacity: 100M
 Heap Max Capacity: 2G
 Pre-touch: Disabled
 Parallel Workers: 10
Heap:
 PSYoungGen      total 9216K, used 3262K [0x00000000d5580000, 0x00000000d6280000, 0x0000000100000000)
  eden space 8192K, 27% used [0x00000000d5580000,0x00000000d57b3288,0x00000000d5d80000)
  from space 1024K, 98% used [0x00000000d5f80000,0x00000000d607c950,0x00000000d6080000)
  to   space 2048K, 0% used [0x00000000d5d80000,0x00000000d5d80000,0x00000000d5f80000)
 ParOldGen       total 89088K, used 81545K [0x0000000080000000, 0x0000000085700000, 0x00000000d5580000)
  object space 89088K, 91% used [0x0000000080000000,0x0000000084fa2628,0x0000000085700000)
 Metaspace       used 63990K, committed 65472K, reserved 1114112K
  class space    used 6819K, committed 7488K, reserved 1048576K
GC Heap History (20 events):
Event: 16.804 GC heap before
{Heap before GC invocations=180 (full 3):
 PSYoungGen      total 10240K, used 10029K [0x00000000d5580000, 0x00000000d6380000, 0x0000000100000000)
  eden space 9728K, 97% used [0x00000000d5580000,0x00000000d5ecbea0,0x00000000d5f00000)
  from space 512K, 99% used [0x00000000d6100000,0x00000000d617f778,0x00000000d6180000)
  to   space 2048K, 0% used [0x00000000d5f00000,0x00000000d5f00000,0x00000000d6100000)
 ParOldGen       total 89088K, used 74055K [0x0000000080000000, 0x0000000085700000, 0x00000000d5580000)
  object space 89088K, 83% used [0x0000000080000000,0x0000000084851f18,0x0000000085700000)
 Metaspace       used 62023K, committed 63552K, reserved 1114112K
  class space    used 6661K, committed 7296K, reserved 1048576K
}
Event: 16.807 GC heap after
{Heap after GC invocations=180 (full 3):
 PSYoungGen      total 11264K, used 1095K [0x00000000d5580000, 0x00000000d6200000, 0x0000000100000000)
  eden space 9728K, 0% used [0x00000000d5580000,0x00000000d5580000,0x00000000d5f00000)
  from space 1536K, 71% used [0x00000000d5f00000,0x00000000d6011f98,0x00000000d6080000)
  to   space 1536K, 0% used [0x00000000d6080000,0x00000000d6080000,0x00000000d6200000)
 ParOldGen       total 89088K, used 74495K [0x0000000080000000, 0x0000000085700000, 0x00000000d5580000)
  object space 89088K, 83% used [0x0000000080000000,0x00000000848bfc40,0x0000000085700000)
 Metaspace       used 62023K, committed 63552K, reserved 1114112K
  class space    used 6661K, committed 7296K, reserved 1048576K
}
Event: 16.973 GC heap before
{Heap before GC invocations=181 (full 3):
 PSYoungGen      total 11264K, used 10821K [0x00000000d5580000, 0x00000000d6200000, 0x0000000100000000)
  eden space 9728K, 99% used [0x00000000d5580000,0x00000000d5eff530,0x00000000d5f00000)
  from space 1536K, 71% used [0x00000000d5f00000,0x00000000d6011f98,0x00000000d6080000)
  to   space 1536K, 0% used [0x00000000d6080000,0x00000000d6080000,0x00000000d6200000)
 ParOldGen       total 89088K, used 74495K [0x0000000080000000, 0x0000000085700000, 0x00000000d5580000)
  object space 89088K, 83% used [0x0000000080000000,0x00000000848bfc40,0x0000000085700000)
 Metaspace       used 62252K, committed 63744K, reserved 1114112K
  class space    used 6677K, committed 7296K, reserved 1048576K
}
Event: 16.976 GC heap after
{Heap after GC invocations=181 (full 3):
 PSYoungGen      total 10752K, used 1496K [0x00000000d5580000, 0x00000000d6300000, 0x0000000100000000)
  eden space 9216K, 0% used [0x00000000d5580000,0x00000000d5580000,0x00000000d5e80000)
  from space 1536K, 97% used [0x00000000d6080000,0x00000000d61f6338,0x00000000d6200000)
  to   space 2048K, 0% used [0x00000000d5e80000,0x00000000d5e80000,0x00000000d6080000)
 ParOldGen       total 89088K, used 75278K [0x0000000080000000, 0x0000000085700000, 0x00000000d5580000)
  object space 89088K, 84% used [0x0000000080000000,0x0000000084983980,0x0000000085700000)
 Metaspace       used 62252K, committed 63744K, reserved 1114112K
  class space    used 6677K, committed 7296K, reserved 1048576K
}
Event: 17.127 GC heap before
{Heap before GC invocations=182 (full 3):
 PSYoungGen      total 10752K, used 10712K [0x00000000d5580000, 0x00000000d6300000, 0x0000000100000000)
  eden space 9216K, 100% used [0x00000000d5580000,0x00000000d5e80000,0x00000000d5e80000)
  from space 1536K, 97% used [0x00000000d6080000,0x00000000d61f6338,0x00000000d6200000)
  to   space 2048K, 0% used [0x00000000d5e80000,0x00000000d5e80000,0x00000000d6080000)
 ParOldGen       total 89088K, used 75278K [0x0000000080000000, 0x0000000085700000, 0x00000000d5580000)
  object space 89088K, 84% used [0x0000000080000000,0x0000000084983980,0x0000000085700000)
 Metaspace       used 62484K, committed 64000K, reserved 1114112K
  class space    used 6691K, committed 7360K, reserved 1048576K
}
Event: 17.130 GC heap after
{Heap after GC invocations=182 (full 3):
 PSYoungGen      total 11264K, used 1964K [0x00000000d5580000, 0x00000000d6380000, 0x0000000100000000)
  eden space 9216K, 0% used [0x00000000d5580000,0x00000000d5580000,0x00000000d5e80000)
  from space 2048K, 95% used [0x00000000d5e80000,0x00000000d606b060,0x00000000d6080000)
  to   space 2560K, 0% used [0x00000000d6100000,0x00000000d6100000,0x00000000d6380000)
 ParOldGen       total 89088K, used 76532K [0x0000000080000000, 0x0000000085700000, 0x00000000d5580000)
  object space 89088K, 85% used [0x0000000080000000,0x0000000084abd028,0x0000000085700000)
 Metaspace       used 62484K, committed 64000K, reserved 1114112K
  class space    used 6691K, committed 7360K, reserved 1048576K
}
Event: 17.212 GC heap before
{Heap before GC invocations=183 (full 3):
 PSYoungGen      total 11264K, used 11180K [0x00000000d5580000, 0x00000000d6380000, 0x0000000100000000)
  eden space 9216K, 100% used [0x00000000d5580000,0x00000000d5e80000,0x00000000d5e80000)
  from space 2048K, 95% used [0x00000000d5e80000,0x00000000d606b060,0x00000000d6080000)
  to   space 2560K, 0% used [0x00000000d6100000,0x00000000d6100000,0x00000000d6380000)
 ParOldGen       total 89088K, used 76532K [0x0000000080000000, 0x0000000085700000, 0x00000000d5580000)
  object space 89088K, 85% used [0x0000000080000000,0x0000000084abd028,0x0000000085700000)
 Metaspace       used 62899K, committed 64384K, reserved 1114112K
  class space    used 6727K, committed 7360K, reserved 1048576K
}
Event: 17.216 GC heap after
{Heap after GC invocations=183 (full 3):
 PSYoungGen      total 10752K, used 1479K [0x00000000d5580000, 0x00000000d6280000, 0x0000000100000000)
  eden space 9216K, 0% used [0x00000000d5580000,0x00000000d5580000,0x00000000d5e80000)
  from space 1536K, 96% used [0x00000000d6100000,0x00000000d6271f08,0x00000000d6280000)
  to   space 2048K, 0% used [0x00000000d5e80000,0x00000000d5e80000,0x00000000d6080000)
 ParOldGen       total 89088K, used 78414K [0x0000000080000000, 0x0000000085700000, 0x00000000d5580000)
  object space 89088K, 88% used [0x0000000080000000,0x0000000084c93940,0x0000000085700000)
 Metaspace       used 62899K, committed 64384K, reserved 1114112K
  class space    used 6727K, committed 7360K, reserved 1048576K
}
Event: 17.286 GC heap before
{Heap before GC invocations=184 (full 3):
 PSYoungGen      total 10752K, used 10695K [0x00000000d5580000, 0x00000000d6280000, 0x0000000100000000)
  eden space 9216K, 100% used [0x00000000d5580000,0x00000000d5e80000,0x00000000d5e80000)
  from space 1536K, 96% used [0x00000000d6100000,0x00000000d6271f08,0x00000000d6280000)
  to   space 2048K, 0% used [0x00000000d5e80000,0x00000000d5e80000,0x00000000d6080000)
 ParOldGen       total 89088K, used 78414K [0x0000000080000000, 0x0000000085700000, 0x00000000d5580000)
  object space 89088K, 88% used [0x0000000080000000,0x0000000084c93940,0x0000000085700000)
 Metaspace       used 63051K, committed 64576K, reserved 1114112K
  class space    used 6736K, committed 7424K, reserved 1048576K
}
Event: 17.289 GC heap after
{Heap after GC invocations=184 (full 3):
 PSYoungGen      total 10240K, used 848K [0x00000000d5580000, 0x00000000d6180000, 0x0000000100000000)
  eden space 9216K, 0% used [0x00000000d5580000,0x00000000d5580000,0x00000000d5e80000)
  from space 1024K, 82% used [0x00000000d5e80000,0x00000000d5f54030,0x00000000d5f80000)
  to   space 1536K, 0% used [0x00000000d6000000,0x00000000d6000000,0x00000000d6180000)
 ParOldGen       total 89088K, used 79737K [0x0000000080000000, 0x0000000085700000, 0x00000000d5580000)
  object space 89088K, 89% used [0x0000000080000000,0x0000000084dde668,0x0000000085700000)
 Metaspace       used 63051K, committed 64576K, reserved 1114112K
  class space    used 6736K, committed 7424K, reserved 1048576K
}
Event: 17.603 GC heap before
{Heap before GC invocations=185 (full 3):
 PSYoungGen      total 10240K, used 10064K [0x00000000d5580000, 0x00000000d6180000, 0x0000000100000000)
  eden space 9216K, 100% used [0x00000000d5580000,0x00000000d5e80000,0x00000000d5e80000)
  from space 1024K, 82% used [0x00000000d5e80000,0x00000000d5f54030,0x00000000d5f80000)
  to   space 1536K, 0% used [0x00000000d6000000,0x00000000d6000000,0x00000000d6180000)
 ParOldGen       total 89088K, used 79737K [0x0000000080000000, 0x0000000085700000, 0x00000000d5580000)
  object space 89088K, 89% used [0x0000000080000000,0x0000000084dde668,0x0000000085700000)
 Metaspace       used 63165K, committed 64704K, reserved 1114112K
  class space    used 6741K, committed 7424K, reserved 1048576K
}
Event: 17.605 GC heap after
{Heap after GC invocations=185 (full 3):
 PSYoungGen      total 9728K, used 468K [0x00000000d5580000, 0x00000000d6080000, 0x0000000100000000)
  eden space 9216K, 0% used [0x00000000d5580000,0x00000000d5580000,0x00000000d5e80000)
  from space 512K, 91% used [0x00000000d6000000,0x00000000d6075200,0x00000000d6080000)
  to   space 1024K, 0% used [0x00000000d5e80000,0x00000000d5e80000,0x00000000d5f80000)
 ParOldGen       total 89088K, used 80462K [0x0000000080000000, 0x0000000085700000, 0x00000000d5580000)
  object space 89088K, 90% used [0x0000000080000000,0x0000000084e93918,0x0000000085700000)
 Metaspace       used 63165K, committed 64704K, reserved 1114112K
  class space    used 6741K, committed 7424K, reserved 1048576K
}
Event: 17.658 GC heap before
{Heap before GC invocations=186 (full 3):
 PSYoungGen      total 9728K, used 9674K [0x00000000d5580000, 0x00000000d6080000, 0x0000000100000000)
  eden space 9216K, 99% used [0x00000000d5580000,0x00000000d5e7d7d8,0x00000000d5e80000)
  from space 512K, 91% used [0x00000000d6000000,0x00000000d6075200,0x00000000d6080000)
  to   space 1024K, 0% used [0x00000000d5e80000,0x00000000d5e80000,0x00000000d5f80000)
 ParOldGen       total 89088K, used 80462K [0x0000000080000000, 0x0000000085700000, 0x00000000d5580000)
  object space 89088K, 90% used [0x0000000080000000,0x0000000084e93918,0x0000000085700000)
 Metaspace       used 63176K, committed 64704K, reserved 1114112K
  class space    used 6741K, committed 7424K, reserved 1048576K
}
Event: 17.660 GC heap after
{Heap after GC invocations=186 (full 3):
 PSYoungGen      total 10240K, used 538K [0x00000000d5580000, 0x00000000d6080000, 0x0000000100000000)
  eden space 9216K, 0% used [0x00000000d5580000,0x00000000d5580000,0x00000000d5e80000)
  from space 1024K, 52% used [0x00000000d5e80000,0x00000000d5f06920,0x00000000d5f80000)
  to   space 1024K, 0% used [0x00000000d5f80000,0x00000000d5f80000,0x00000000d6080000)
 ParOldGen       total 89088K, used 80790K [0x0000000080000000, 0x0000000085700000, 0x00000000d5580000)
  object space 89088K, 90% used [0x0000000080000000,0x0000000084ee58b8,0x0000000085700000)
 Metaspace       used 63176K, committed 64704K, reserved 1114112K
  class space    used 6741K, committed 7424K, reserved 1048576K
}
Event: 17.707 GC heap before
{Heap before GC invocations=187 (full 3):
 PSYoungGen      total 10240K, used 9744K [0x00000000d5580000, 0x00000000d6080000, 0x0000000100000000)
  eden space 9216K, 99% used [0x00000000d5580000,0x00000000d5e7d9a0,0x00000000d5e80000)
  from space 1024K, 52% used [0x00000000d5e80000,0x00000000d5f06920,0x00000000d5f80000)
  to   space 1024K, 0% used [0x00000000d5f80000,0x00000000d5f80000,0x00000000d6080000)
 ParOldGen       total 89088K, used 80790K [0x0000000080000000, 0x0000000085700000, 0x00000000d5580000)
  object space 89088K, 90% used [0x0000000080000000,0x0000000084ee58b8,0x0000000085700000)
 Metaspace       used 63196K, committed 64704K, reserved 1114112K
  class space    used 6741K, committed 7424K, reserved 1048576K
}
Event: 17.708 GC heap after
{Heap after GC invocations=187 (full 3):
 PSYoungGen      total 9728K, used 282K [0x00000000d5580000, 0x00000000d6000000, 0x0000000100000000)
  eden space 9216K, 0% used [0x00000000d5580000,0x00000000d5580000,0x00000000d5e80000)
  from space 512K, 55% used [0x00000000d5f80000,0x00000000d5fc6900,0x00000000d6000000)
  to   space 512K, 0% used [0x00000000d5f00000,0x00000000d5f00000,0x00000000d5f80000)
 ParOldGen       total 89088K, used 81062K [0x0000000080000000, 0x0000000085700000, 0x00000000d5580000)
  object space 89088K, 90% used [0x0000000080000000,0x0000000084f298d8,0x0000000085700000)
 Metaspace       used 63196K, committed 64704K, reserved 1114112K
  class space    used 6741K, committed 7424K, reserved 1048576K
}
Event: 18.135 GC heap before
{Heap before GC invocations=188 (full 3):
 PSYoungGen      total 9728K, used 9498K [0x00000000d5580000, 0x00000000d6000000, 0x0000000100000000)
  eden space 9216K, 100% used [0x00000000d5580000,0x00000000d5e80000,0x00000000d5e80000)
  from space 512K, 55% used [0x00000000d5f80000,0x00000000d5fc6900,0x00000000d6000000)
  to   space 512K, 0% used [0x00000000d5f00000,0x00000000d5f00000,0x00000000d5f80000)
 ParOldGen       total 89088K, used 81062K [0x0000000080000000, 0x0000000085700000, 0x00000000d5580000)
  object space 89088K, 90% used [0x0000000080000000,0x0000000084f298d8,0x0000000085700000)
 Metaspace       used 63435K, committed 64960K, reserved 1114112K
  class space    used 6770K, committed 7424K, reserved 1048576K
}
Event: 18.137 GC heap after
{Heap after GC invocations=188 (full 3):
 PSYoungGen      total 9728K, used 512K [0x00000000d5580000, 0x00000000d6080000, 0x0000000100000000)
  eden space 9216K, 0% used [0x00000000d5580000,0x00000000d5580000,0x00000000d5e80000)
  from space 512K, 100% used [0x00000000d5f00000,0x00000000d5f80000,0x00000000d5f80000)
  to   space 1024K, 0% used [0x00000000d5f80000,0x00000000d5f80000,0x00000000d6080000)
 ParOldGen       total 89088K, used 81150K [0x0000000080000000, 0x0000000085700000, 0x00000000d5580000)
  object space 89088K, 91% used [0x0000000080000000,0x0000000084f3f8d8,0x0000000085700000)
 Metaspace       used 63435K, committed 64960K, reserved 1114112K
  class space    used 6770K, committed 7424K, reserved 1048576K
}
Event: 33.270 GC heap before
{Heap before GC invocations=189 (full 3):
 PSYoungGen      total 9728K, used 9728K [0x00000000d5580000, 0x00000000d6080000, 0x0000000100000000)
  eden space 9216K, 100% used [0x00000000d5580000,0x00000000d5e80000,0x00000000d5e80000)
  from space 512K, 100% used [0x00000000d5f00000,0x00000000d5f80000,0x00000000d5f80000)
  to   space 1024K, 0% used [0x00000000d5f80000,0x00000000d5f80000,0x00000000d6080000)
 ParOldGen       total 89088K, used 81150K [0x0000000080000000, 0x0000000085700000, 0x00000000d5580000)
  object space 89088K, 91% used [0x0000000080000000,0x0000000084f3f8d8,0x0000000085700000)
 Metaspace       used 63804K, committed 65344K, reserved 1114112K
  class space    used 6809K, committed 7488K, reserved 1048576K
}
Event: 33.272 GC heap after
{Heap after GC invocations=189 (full 3):
 PSYoungGen      total 9216K, used 1010K [0x00000000d5580000, 0x00000000d6280000, 0x0000000100000000)
  eden space 8192K, 0% used [0x00000000d5580000,0x00000000d5580000,0x00000000d5d80000)
  from space 1024K, 98% used [0x00000000d5f80000,0x00000000d607c950,0x00000000d6080000)
  to   space 2048K, 0% used [0x00000000d5d80000,0x00000000d5d80000,0x00000000d5f80000)
 ParOldGen       total 89088K, used 81545K [0x0000000080000000, 0x0000000085700000, 0x00000000d5580000)
  object space 89088K, 91% used [0x0000000080000000,0x0000000084fa2628,0x0000000085700000)
 Metaspace       used 63804K, committed 65344K, reserved 1114112K
  class space    used 6809K, committed 7488K, reserved 1048576K
}

